<?xml version="1.0" encoding="UTF-8"?>
<robot generator="Robot 3.1.2 (Python 3.6.0 on linux)" generated="20210511 20:16:35.997" rpa="false">
<suite id="s1" name="Robot Scripts" source="/home/arpita/Music/gats/SDLC/Coding/Standalone_Framework/Cellular/gats/automation/scripts/robot_scripts">
<suite id="s1-s1" name="Airtel Stability" source="/home/arpita/Music/gats/SDLC/Coding/Standalone_Framework/Cellular/gats/automation/scripts/robot_scripts/Airtel_Stability.robot">
<test id="s1-s1-t1" name="TC_Airtel_Stability_001">
<kw name="Run Keywords" library="BuiltIn" type="setup">
<doc>Executes all the given keywords in a sequence.</doc>
<arguments>
<arg>Setup Log</arg>
<arg>AND</arg>
<arg>Start Device Log</arg>
<arg>${yamlData}</arg>
<arg>${log_type}</arg>
</arguments>
<kw name="Setup Log" library="res_common">
<msg timestamp="20210511 20:16:36.101" level="FAIL">Resolving argument default values failed: Resolving variable '${dict.project}' failed: Variable '${dict}' not found.</msg>
<status status="FAIL" starttime="20210511 20:16:36.100" endtime="20210511 20:16:36.101"></status>
</kw>
<status status="FAIL" starttime="20210511 20:16:36.100" endtime="20210511 20:16:36.101"></status>
</kw>
<kw name="Run Keywords" library="BuiltIn" type="teardown">
<doc>Executes all the given keywords in a sequence.</doc>
<arguments>
<arg>Set Iteration Path</arg>
<arg>${dict.robot_log_path}</arg>
<arg>AND</arg>
<arg>Stop Device Log</arg>
<arg>${yamlData}</arg>
<arg>${log_type}</arg>
<arg>AND</arg>
<arg>Remove Log Handler</arg>
</arguments>
<kw name="Set Iteration Path" library="res_common">
<arguments>
<arg>${dict.robot_log_path}</arg>
</arguments>
<msg timestamp="20210511 20:16:36.102" level="FAIL">Resolving variable '${dict.robot_log_path}' failed: Variable '${dict}' not found.</msg>
<status status="FAIL" starttime="20210511 20:16:36.102" endtime="20210511 20:16:36.102"></status>
</kw>
<kw name="Stop device Log" library="res_common">
<arguments>
<arg>${yamlData}</arg>
<arg>${log_type}</arg>
</arguments>
<msg timestamp="20210511 20:16:36.103" level="FAIL">Variable '${yamlData}' not found.</msg>
<status status="FAIL" starttime="20210511 20:16:36.102" endtime="20210511 20:16:36.103"></status>
</kw>
<kw name="Remove Log Handler" library="res_common">
<kw name="Remove Script Log Handler" library="common_log">
<doc>Removes all the logging handlers
:return: None</doc>
<msg timestamp="20210511 20:16:36.104" level="INFO">[&lt;RobotHandler (NOTSET)&gt;]</msg>
<status status="PASS" starttime="20210511 20:16:36.103" endtime="20210511 20:16:36.104"></status>
</kw>
<status status="PASS" starttime="20210511 20:16:36.103" endtime="20210511 20:16:36.104"></status>
</kw>
<status status="FAIL" starttime="20210511 20:16:36.101" endtime="20210511 20:16:36.104">Several failures occurred:

1) Resolving variable '${dict.robot_log_path}' failed: Variable '${dict}' not found.

2) Variable '${yamlData}' not found.</status>
</kw>
<doc>Validate Attach After Reboot</doc>
<tags>
<tag>TC_Airtel_Stability_001</tag>
</tags>
<timeout value="12 hours"></timeout>
<status status="FAIL" starttime="20210511 20:16:36.099" endtime="20210511 20:16:36.104" critical="yes">Setup failed:
Resolving argument default values failed: Resolving variable '${dict.project}' failed: Variable '${dict}' not found.

Also teardown failed:
Several failures occurred:

1) Resolving variable '${dict.robot_log_path}' failed: Variable '${dict}' not found.

2) Variable '${yamlData}' not found.</status>
</test>
<test id="s1-s1-t2" name="TC_Airtel_Stability_002">
<kw name="Run Keywords" library="BuiltIn" type="setup">
<doc>Executes all the given keywords in a sequence.</doc>
<arguments>
<arg>Setup Log</arg>
<arg>AND</arg>
<arg>Start Device Log</arg>
<arg>${yamlData}</arg>
<arg>${log_type}</arg>
</arguments>
<kw name="Setup Log" library="res_common">
<msg timestamp="20210511 20:16:36.105" level="FAIL">Resolving argument default values failed: Resolving variable '${dict.project}' failed: Variable '${dict}' not found.</msg>
<status status="FAIL" starttime="20210511 20:16:36.105" endtime="20210511 20:16:36.106"></status>
</kw>
<status status="FAIL" starttime="20210511 20:16:36.105" endtime="20210511 20:16:36.106"></status>
</kw>
<kw name="Run Keywords" library="BuiltIn" type="teardown">
<doc>Executes all the given keywords in a sequence.</doc>
<arguments>
<arg>Set Iteration Path</arg>
<arg>${dict.robot_log_path}</arg>
<arg>AND</arg>
<arg>Stop Device Log</arg>
<arg>${yamlData}</arg>
<arg>${log_type}</arg>
<arg>AND</arg>
<arg>Remove Log Handler</arg>
</arguments>
<kw name="Set Iteration Path" library="res_common">
<arguments>
<arg>${dict.robot_log_path}</arg>
</arguments>
<msg timestamp="20210511 20:16:36.107" level="FAIL">Resolving variable '${dict.robot_log_path}' failed: Variable '${dict}' not found.</msg>
<status status="FAIL" starttime="20210511 20:16:36.106" endtime="20210511 20:16:36.107"></status>
</kw>
<kw name="Stop device Log" library="res_common">
<arguments>
<arg>${yamlData}</arg>
<arg>${log_type}</arg>
</arguments>
<msg timestamp="20210511 20:16:36.107" level="FAIL">Variable '${yamlData}' not found.</msg>
<status status="FAIL" starttime="20210511 20:16:36.107" endtime="20210511 20:16:36.107"></status>
</kw>
<kw name="Remove Log Handler" library="res_common">
<kw name="Remove Script Log Handler" library="common_log">
<doc>Removes all the logging handlers
:return: None</doc>
<msg timestamp="20210511 20:16:36.109" level="INFO">[&lt;RobotHandler (NOTSET)&gt;]</msg>
<status status="PASS" starttime="20210511 20:16:36.109" endtime="20210511 20:16:36.109"></status>
</kw>
<status status="PASS" starttime="20210511 20:16:36.108" endtime="20210511 20:16:36.109"></status>
</kw>
<status status="FAIL" starttime="20210511 20:16:36.106" endtime="20210511 20:16:36.109">Several failures occurred:

1) Resolving variable '${dict.robot_log_path}' failed: Variable '${dict}' not found.

2) Variable '${yamlData}' not found.</status>
</kw>
<doc>Validate Attach After APM</doc>
<tags>
<tag>TC_Airtel_Stability_002</tag>
</tags>
<timeout value="12 hours"></timeout>
<status status="FAIL" starttime="20210511 20:16:36.104" endtime="20210511 20:16:36.109" critical="yes">Setup failed:
Resolving argument default values failed: Resolving variable '${dict.project}' failed: Variable '${dict}' not found.

Also teardown failed:
Several failures occurred:

1) Resolving variable '${dict.robot_log_path}' failed: Variable '${dict}' not found.

2) Variable '${yamlData}' not found.</status>
</test>
<test id="s1-s1-t3" name="TC_Airtel_Stability_003">
<kw name="Run Keywords" library="BuiltIn" type="setup">
<doc>Executes all the given keywords in a sequence.</doc>
<arguments>
<arg>Setup Log</arg>
<arg>AND</arg>
<arg>Start Device Log</arg>
<arg>${yamlData}</arg>
<arg>${log_type}</arg>
</arguments>
<kw name="Setup Log" library="res_common">
<msg timestamp="20210511 20:16:36.111" level="FAIL">Resolving argument default values failed: Resolving variable '${dict.project}' failed: Variable '${dict}' not found.</msg>
<status status="FAIL" starttime="20210511 20:16:36.110" endtime="20210511 20:16:36.111"></status>
</kw>
<status status="FAIL" starttime="20210511 20:16:36.110" endtime="20210511 20:16:36.111"></status>
</kw>
<kw name="Run Keywords" library="BuiltIn" type="teardown">
<doc>Executes all the given keywords in a sequence.</doc>
<arguments>
<arg>Set Iteration Path</arg>
<arg>${dict.robot_log_path}</arg>
<arg>AND</arg>
<arg>Stop Device Log</arg>
<arg>${yamlData}</arg>
<arg>${log_type}</arg>
<arg>AND</arg>
<arg>Remove Log Handler</arg>
</arguments>
<kw name="Set Iteration Path" library="res_common">
<arguments>
<arg>${dict.robot_log_path}</arg>
</arguments>
<msg timestamp="20210511 20:16:36.112" level="FAIL">Resolving variable '${dict.robot_log_path}' failed: Variable '${dict}' not found.</msg>
<status status="FAIL" starttime="20210511 20:16:36.112" endtime="20210511 20:16:36.112"></status>
</kw>
<kw name="Stop device Log" library="res_common">
<arguments>
<arg>${yamlData}</arg>
<arg>${log_type}</arg>
</arguments>
<msg timestamp="20210511 20:16:36.113" level="FAIL">Variable '${yamlData}' not found.</msg>
<status status="FAIL" starttime="20210511 20:16:36.112" endtime="20210511 20:16:36.113"></status>
</kw>
<kw name="Remove Log Handler" library="res_common">
<kw name="Remove Script Log Handler" library="common_log">
<doc>Removes all the logging handlers
:return: None</doc>
<msg timestamp="20210511 20:16:36.114" level="INFO">[&lt;RobotHandler (NOTSET)&gt;]</msg>
<status status="PASS" starttime="20210511 20:16:36.113" endtime="20210511 20:16:36.114"></status>
</kw>
<status status="PASS" starttime="20210511 20:16:36.113" endtime="20210511 20:16:36.114"></status>
</kw>
<status status="FAIL" starttime="20210511 20:16:36.111" endtime="20210511 20:16:36.114">Several failures occurred:

1) Resolving variable '${dict.robot_log_path}' failed: Variable '${dict}' not found.

2) Variable '${yamlData}' not found.</status>
</kw>
<doc>Validate Attach After APM</doc>
<tags>
<tag>TC_Airtel_Stability_003</tag>
</tags>
<timeout value="12 hours"></timeout>
<status status="FAIL" starttime="20210511 20:16:36.109" endtime="20210511 20:16:36.114" critical="yes">Setup failed:
Resolving argument default values failed: Resolving variable '${dict.project}' failed: Variable '${dict}' not found.

Also teardown failed:
Several failures occurred:

1) Resolving variable '${dict.robot_log_path}' failed: Variable '${dict}' not found.

2) Variable '${yamlData}' not found.</status>
</test>
<test id="s1-s1-t4" name="TC_Airtel_Stability_004">
<kw name="Run Keywords" library="BuiltIn" type="setup">
<doc>Executes all the given keywords in a sequence.</doc>
<arguments>
<arg>Setup Log</arg>
<arg>AND</arg>
<arg>Start Device Log</arg>
<arg>${yamlData}</arg>
<arg>${log_type}</arg>
</arguments>
<kw name="Setup Log" library="res_common">
<msg timestamp="20210511 20:16:36.116" level="FAIL">Resolving argument default values failed: Resolving variable '${dict.project}' failed: Variable '${dict}' not found.</msg>
<status status="FAIL" starttime="20210511 20:16:36.115" endtime="20210511 20:16:36.116"></status>
</kw>
<status status="FAIL" starttime="20210511 20:16:36.115" endtime="20210511 20:16:36.116"></status>
</kw>
<kw name="Run Keywords" library="BuiltIn" type="teardown">
<doc>Executes all the given keywords in a sequence.</doc>
<arguments>
<arg>Set Iteration Path</arg>
<arg>${dict.robot_log_path}</arg>
<arg>AND</arg>
<arg>Stop Device Log</arg>
<arg>${yamlData}</arg>
<arg>${log_type}</arg>
<arg>AND</arg>
<arg>Remove Log Handler</arg>
</arguments>
<kw name="Set Iteration Path" library="res_common">
<arguments>
<arg>${dict.robot_log_path}</arg>
</arguments>
<msg timestamp="20210511 20:16:36.117" level="FAIL">Resolving variable '${dict.robot_log_path}' failed: Variable '${dict}' not found.</msg>
<status status="FAIL" starttime="20210511 20:16:36.116" endtime="20210511 20:16:36.117"></status>
</kw>
<kw name="Stop device Log" library="res_common">
<arguments>
<arg>${yamlData}</arg>
<arg>${log_type}</arg>
</arguments>
<msg timestamp="20210511 20:16:36.118" level="FAIL">Variable '${yamlData}' not found.</msg>
<status status="FAIL" starttime="20210511 20:16:36.117" endtime="20210511 20:16:36.118"></status>
</kw>
<kw name="Remove Log Handler" library="res_common">
<kw name="Remove Script Log Handler" library="common_log">
<doc>Removes all the logging handlers
:return: None</doc>
<msg timestamp="20210511 20:16:36.118" level="INFO">[&lt;RobotHandler (NOTSET)&gt;]</msg>
<status status="PASS" starttime="20210511 20:16:36.118" endtime="20210511 20:16:36.118"></status>
</kw>
<status status="PASS" starttime="20210511 20:16:36.118" endtime="20210511 20:16:36.118"></status>
</kw>
<status status="FAIL" starttime="20210511 20:16:36.116" endtime="20210511 20:16:36.119">Several failures occurred:

1) Resolving variable '${dict.robot_log_path}' failed: Variable '${dict}' not found.

2) Variable '${yamlData}' not found.</status>
</kw>
<doc>Performing Volte Connect and Disconnect</doc>
<tags>
<tag>TC_Airtel_Stability_004</tag>
</tags>
<timeout value="12 hours"></timeout>
<status status="FAIL" starttime="20210511 20:16:36.114" endtime="20210511 20:16:36.119" critical="yes">Setup failed:
Resolving argument default values failed: Resolving variable '${dict.project}' failed: Variable '${dict}' not found.

Also teardown failed:
Several failures occurred:

1) Resolving variable '${dict.robot_log_path}' failed: Variable '${dict}' not found.

2) Variable '${yamlData}' not found.</status>
</test>
<test id="s1-s1-t5" name="TC_Airtel_Stability_005">
<kw name="Run Keywords" library="BuiltIn" type="setup">
<doc>Executes all the given keywords in a sequence.</doc>
<arguments>
<arg>Setup Log</arg>
<arg>AND</arg>
<arg>Start Device Log</arg>
<arg>${yamlData}</arg>
<arg>${log_type}</arg>
</arguments>
<kw name="Setup Log" library="res_common">
<msg timestamp="20210511 20:16:36.120" level="FAIL">Resolving argument default values failed: Resolving variable '${dict.project}' failed: Variable '${dict}' not found.</msg>
<status status="FAIL" starttime="20210511 20:16:36.120" endtime="20210511 20:16:36.120"></status>
</kw>
<status status="FAIL" starttime="20210511 20:16:36.119" endtime="20210511 20:16:36.120"></status>
</kw>
<kw name="Run Keywords" library="BuiltIn" type="teardown">
<doc>Executes all the given keywords in a sequence.</doc>
<arguments>
<arg>Set Iteration Path</arg>
<arg>${dict.robot_log_path}</arg>
<arg>AND</arg>
<arg>Stop Device Log</arg>
<arg>${yamlData}</arg>
<arg>${log_type}</arg>
<arg>AND</arg>
<arg>Remove Log Handler</arg>
</arguments>
<kw name="Set Iteration Path" library="res_common">
<arguments>
<arg>${dict.robot_log_path}</arg>
</arguments>
<msg timestamp="20210511 20:16:36.121" level="FAIL">Resolving variable '${dict.robot_log_path}' failed: Variable '${dict}' not found.</msg>
<status status="FAIL" starttime="20210511 20:16:36.121" endtime="20210511 20:16:36.121"></status>
</kw>
<kw name="Stop device Log" library="res_common">
<arguments>
<arg>${yamlData}</arg>
<arg>${log_type}</arg>
</arguments>
<msg timestamp="20210511 20:16:36.122" level="FAIL">Variable '${yamlData}' not found.</msg>
<status status="FAIL" starttime="20210511 20:16:36.121" endtime="20210511 20:16:36.122"></status>
</kw>
<kw name="Remove Log Handler" library="res_common">
<kw name="Remove Script Log Handler" library="common_log">
<doc>Removes all the logging handlers
:return: None</doc>
<msg timestamp="20210511 20:16:36.123" level="INFO">[&lt;RobotHandler (NOTSET)&gt;]</msg>
<status status="PASS" starttime="20210511 20:16:36.123" endtime="20210511 20:16:36.123"></status>
</kw>
<status status="PASS" starttime="20210511 20:16:36.122" endtime="20210511 20:16:36.123"></status>
</kw>
<status status="FAIL" starttime="20210511 20:16:36.121" endtime="20210511 20:16:36.123">Several failures occurred:

1) Resolving variable '${dict.robot_log_path}' failed: Variable '${dict}' not found.

2) Variable '${yamlData}' not found.</status>
</kw>
<doc>Performing Volte Connect and Disconnect</doc>
<tags>
<tag>TC_Airtel_Stability_005</tag>
</tags>
<timeout value="12 hours"></timeout>
<status status="FAIL" starttime="20210511 20:16:36.119" endtime="20210511 20:16:36.123" critical="yes">Setup failed:
Resolving argument default values failed: Resolving variable '${dict.project}' failed: Variable '${dict}' not found.

Also teardown failed:
Several failures occurred:

1) Resolving variable '${dict.robot_log_path}' failed: Variable '${dict}' not found.

2) Variable '${yamlData}' not found.</status>
</test>
<test id="s1-s1-t6" name="TC_Airtel_Stability_006">
<kw name="Run Keywords" library="BuiltIn" type="setup">
<doc>Executes all the given keywords in a sequence.</doc>
<arguments>
<arg>Setup Log</arg>
<arg>AND</arg>
<arg>Start Device Log</arg>
<arg>${yamlData}</arg>
<arg>${log_type}</arg>
</arguments>
<kw name="Setup Log" library="res_common">
<msg timestamp="20210511 20:16:36.125" level="FAIL">Resolving argument default values failed: Resolving variable '${dict.project}' failed: Variable '${dict}' not found.</msg>
<status status="FAIL" starttime="20210511 20:16:36.124" endtime="20210511 20:16:36.125"></status>
</kw>
<status status="FAIL" starttime="20210511 20:16:36.124" endtime="20210511 20:16:36.125"></status>
</kw>
<kw name="Run Keywords" library="BuiltIn" type="teardown">
<doc>Executes all the given keywords in a sequence.</doc>
<arguments>
<arg>Set Iteration Path</arg>
<arg>${dict.robot_log_path}</arg>
<arg>AND</arg>
<arg>Stop Device Log</arg>
<arg>${yamlData}</arg>
<arg>${log_type}</arg>
<arg>AND</arg>
<arg>Remove Log Handler</arg>
</arguments>
<kw name="Set Iteration Path" library="res_common">
<arguments>
<arg>${dict.robot_log_path}</arg>
</arguments>
<msg timestamp="20210511 20:16:36.126" level="FAIL">Resolving variable '${dict.robot_log_path}' failed: Variable '${dict}' not found.</msg>
<status status="FAIL" starttime="20210511 20:16:36.126" endtime="20210511 20:16:36.126"></status>
</kw>
<kw name="Stop device Log" library="res_common">
<arguments>
<arg>${yamlData}</arg>
<arg>${log_type}</arg>
</arguments>
<msg timestamp="20210511 20:16:36.127" level="FAIL">Variable '${yamlData}' not found.</msg>
<status status="FAIL" starttime="20210511 20:16:36.126" endtime="20210511 20:16:36.127"></status>
</kw>
<kw name="Remove Log Handler" library="res_common">
<kw name="Remove Script Log Handler" library="common_log">
<doc>Removes all the logging handlers
:return: None</doc>
<msg timestamp="20210511 20:16:36.128" level="INFO">[&lt;RobotHandler (NOTSET)&gt;]</msg>
<status status="PASS" starttime="20210511 20:16:36.127" endtime="20210511 20:16:36.128"></status>
</kw>
<status status="PASS" starttime="20210511 20:16:36.127" endtime="20210511 20:16:36.128"></status>
</kw>
<status status="FAIL" starttime="20210511 20:16:36.125" endtime="20210511 20:16:36.128">Several failures occurred:

1) Resolving variable '${dict.robot_log_path}' failed: Variable '${dict}' not found.

2) Variable '${yamlData}' not found.</status>
</kw>
<doc>Performing Swapping of calls</doc>
<tags>
<tag>TC_Airtel_Stability_006</tag>
</tags>
<timeout value="12 hours"></timeout>
<status status="FAIL" starttime="20210511 20:16:36.123" endtime="20210511 20:16:36.128" critical="yes">Setup failed:
Resolving argument default values failed: Resolving variable '${dict.project}' failed: Variable '${dict}' not found.

Also teardown failed:
Several failures occurred:

1) Resolving variable '${dict.robot_log_path}' failed: Variable '${dict}' not found.

2) Variable '${yamlData}' not found.</status>
</test>
<test id="s1-s1-t7" name="TC_Airtel_Stability_007">
<kw name="Run Keywords" library="BuiltIn" type="setup">
<doc>Executes all the given keywords in a sequence.</doc>
<arguments>
<arg>Setup Log</arg>
<arg>AND</arg>
<arg>Start Device Log</arg>
<arg>${yamlData}</arg>
<arg>${log_type}</arg>
</arguments>
<kw name="Setup Log" library="res_common">
<msg timestamp="20210511 20:16:36.129" level="FAIL">Resolving argument default values failed: Resolving variable '${dict.project}' failed: Variable '${dict}' not found.</msg>
<status status="FAIL" starttime="20210511 20:16:36.129" endtime="20210511 20:16:36.129"></status>
</kw>
<status status="FAIL" starttime="20210511 20:16:36.129" endtime="20210511 20:16:36.129"></status>
</kw>
<kw name="Run Keywords" library="BuiltIn" type="teardown">
<doc>Executes all the given keywords in a sequence.</doc>
<arguments>
<arg>Set Iteration Path</arg>
<arg>${dict.robot_log_path}</arg>
<arg>AND</arg>
<arg>Stop Device Log</arg>
<arg>${yamlData}</arg>
<arg>${log_type}</arg>
<arg>AND</arg>
<arg>Remove Log Handler</arg>
</arguments>
<kw name="Set Iteration Path" library="res_common">
<arguments>
<arg>${dict.robot_log_path}</arg>
</arguments>
<msg timestamp="20210511 20:16:36.131" level="FAIL">Resolving variable '${dict.robot_log_path}' failed: Variable '${dict}' not found.</msg>
<status status="FAIL" starttime="20210511 20:16:36.130" endtime="20210511 20:16:36.131"></status>
</kw>
<kw name="Stop device Log" library="res_common">
<arguments>
<arg>${yamlData}</arg>
<arg>${log_type}</arg>
</arguments>
<msg timestamp="20210511 20:16:36.131" level="FAIL">Variable '${yamlData}' not found.</msg>
<status status="FAIL" starttime="20210511 20:16:36.131" endtime="20210511 20:16:36.131"></status>
</kw>
<kw name="Remove Log Handler" library="res_common">
<kw name="Remove Script Log Handler" library="common_log">
<doc>Removes all the logging handlers
:return: None</doc>
<msg timestamp="20210511 20:16:36.132" level="INFO">[&lt;RobotHandler (NOTSET)&gt;]</msg>
<status status="PASS" starttime="20210511 20:16:36.132" endtime="20210511 20:16:36.132"></status>
</kw>
<status status="PASS" starttime="20210511 20:16:36.132" endtime="20210511 20:16:36.133"></status>
</kw>
<status status="FAIL" starttime="20210511 20:16:36.130" endtime="20210511 20:16:36.133">Several failures occurred:

1) Resolving variable '${dict.robot_log_path}' failed: Variable '${dict}' not found.

2) Variable '${yamlData}' not found.</status>
</kw>
<doc>Performing conffernences call</doc>
<tags>
<tag>TC_Airtel_Stability_007</tag>
</tags>
<timeout value="12 hours"></timeout>
<status status="FAIL" starttime="20210511 20:16:36.128" endtime="20210511 20:16:36.133" critical="yes">Setup failed:
Resolving argument default values failed: Resolving variable '${dict.project}' failed: Variable '${dict}' not found.

Also teardown failed:
Several failures occurred:

1) Resolving variable '${dict.robot_log_path}' failed: Variable '${dict}' not found.

2) Variable '${yamlData}' not found.</status>
</test>
<test id="s1-s1-t8" name="TC_Airtel_Stability_008">
<kw name="Run Keywords" library="BuiltIn" type="setup">
<doc>Executes all the given keywords in a sequence.</doc>
<arguments>
<arg>Setup Log</arg>
<arg>AND</arg>
<arg>Start Device Log</arg>
<arg>${yamlData}</arg>
<arg>${log_type}</arg>
</arguments>
<kw name="Setup Log" library="res_common">
<msg timestamp="20210511 20:16:36.135" level="FAIL">Resolving argument default values failed: Resolving variable '${dict.project}' failed: Variable '${dict}' not found.</msg>
<status status="FAIL" starttime="20210511 20:16:36.134" endtime="20210511 20:16:36.135"></status>
</kw>
<status status="FAIL" starttime="20210511 20:16:36.134" endtime="20210511 20:16:36.135"></status>
</kw>
<kw name="Run Keywords" library="BuiltIn" type="teardown">
<doc>Executes all the given keywords in a sequence.</doc>
<arguments>
<arg>Set Iteration Path</arg>
<arg>${dict.robot_log_path}</arg>
<arg>AND</arg>
<arg>Stop Device Log</arg>
<arg>${yamlData}</arg>
<arg>${log_type}</arg>
<arg>AND</arg>
<arg>Remove Log Handler</arg>
</arguments>
<kw name="Set Iteration Path" library="res_common">
<arguments>
<arg>${dict.robot_log_path}</arg>
</arguments>
<msg timestamp="20210511 20:16:36.138" level="FAIL">Resolving variable '${dict.robot_log_path}' failed: Variable '${dict}' not found.</msg>
<status status="FAIL" starttime="20210511 20:16:36.137" endtime="20210511 20:16:36.138"></status>
</kw>
<kw name="Stop device Log" library="res_common">
<arguments>
<arg>${yamlData}</arg>
<arg>${log_type}</arg>
</arguments>
<msg timestamp="20210511 20:16:36.138" level="FAIL">Variable '${yamlData}' not found.</msg>
<status status="FAIL" starttime="20210511 20:16:36.138" endtime="20210511 20:16:36.138"></status>
</kw>
<kw name="Remove Log Handler" library="res_common">
<kw name="Remove Script Log Handler" library="common_log">
<doc>Removes all the logging handlers
:return: None</doc>
<msg timestamp="20210511 20:16:36.139" level="INFO">[&lt;RobotHandler (NOTSET)&gt;]</msg>
<status status="PASS" starttime="20210511 20:16:36.139" endtime="20210511 20:16:36.139"></status>
</kw>
<status status="PASS" starttime="20210511 20:16:36.139" endtime="20210511 20:16:36.139"></status>
</kw>
<status status="FAIL" starttime="20210511 20:16:36.136" endtime="20210511 20:16:36.139">Several failures occurred:

1) Resolving variable '${dict.robot_log_path}' failed: Variable '${dict}' not found.

2) Variable '${yamlData}' not found.</status>
</kw>
<doc>Performing upgrade and downgrade on call @ MO side</doc>
<tags>
<tag>TC_Airtel_Stability_008</tag>
</tags>
<timeout value="12 hours"></timeout>
<status status="FAIL" starttime="20210511 20:16:36.133" endtime="20210511 20:16:36.139" critical="yes">Setup failed:
Resolving argument default values failed: Resolving variable '${dict.project}' failed: Variable '${dict}' not found.

Also teardown failed:
Several failures occurred:

1) Resolving variable '${dict.robot_log_path}' failed: Variable '${dict}' not found.

2) Variable '${yamlData}' not found.</status>
</test>
<test id="s1-s1-t9" name="TC_Airtel_Stability_009">
<kw name="Run Keywords" library="BuiltIn" type="setup">
<doc>Executes all the given keywords in a sequence.</doc>
<arguments>
<arg>Setup Log</arg>
<arg>AND</arg>
<arg>Start Device Log</arg>
<arg>${yamlData}</arg>
<arg>${log_type}</arg>
</arguments>
<kw name="Setup Log" library="res_common">
<msg timestamp="20210511 20:16:36.141" level="FAIL">Resolving argument default values failed: Resolving variable '${dict.project}' failed: Variable '${dict}' not found.</msg>
<status status="FAIL" starttime="20210511 20:16:36.141" endtime="20210511 20:16:36.141"></status>
</kw>
<status status="FAIL" starttime="20210511 20:16:36.140" endtime="20210511 20:16:36.141"></status>
</kw>
<kw name="Run Keywords" library="BuiltIn" type="teardown">
<doc>Executes all the given keywords in a sequence.</doc>
<arguments>
<arg>Set Iteration Path</arg>
<arg>${dict.robot_log_path}</arg>
<arg>AND</arg>
<arg>Stop Device Log</arg>
<arg>${yamlData}</arg>
<arg>${log_type}</arg>
<arg>AND</arg>
<arg>Remove Log Handler</arg>
</arguments>
<kw name="Set Iteration Path" library="res_common">
<arguments>
<arg>${dict.robot_log_path}</arg>
</arguments>
<msg timestamp="20210511 20:16:36.143" level="FAIL">Resolving variable '${dict.robot_log_path}' failed: Variable '${dict}' not found.</msg>
<status status="FAIL" starttime="20210511 20:16:36.142" endtime="20210511 20:16:36.143"></status>
</kw>
<kw name="Stop device Log" library="res_common">
<arguments>
<arg>${yamlData}</arg>
<arg>${log_type}</arg>
</arguments>
<msg timestamp="20210511 20:16:36.144" level="FAIL">Variable '${yamlData}' not found.</msg>
<status status="FAIL" starttime="20210511 20:16:36.143" endtime="20210511 20:16:36.144"></status>
</kw>
<kw name="Remove Log Handler" library="res_common">
<kw name="Remove Script Log Handler" library="common_log">
<doc>Removes all the logging handlers
:return: None</doc>
<msg timestamp="20210511 20:16:36.145" level="INFO">[&lt;RobotHandler (NOTSET)&gt;]</msg>
<status status="PASS" starttime="20210511 20:16:36.145" endtime="20210511 20:16:36.145"></status>
</kw>
<status status="PASS" starttime="20210511 20:16:36.144" endtime="20210511 20:16:36.145"></status>
</kw>
<status status="FAIL" starttime="20210511 20:16:36.142" endtime="20210511 20:16:36.145">Several failures occurred:

1) Resolving variable '${dict.robot_log_path}' failed: Variable '${dict}' not found.

2) Variable '${yamlData}' not found.</status>
</kw>
<doc>Performing upgrade and downgrade on call @ MT side</doc>
<tags>
<tag>TC_Airtel_Stability_009</tag>
</tags>
<timeout value="12 hours"></timeout>
<status status="FAIL" starttime="20210511 20:16:36.140" endtime="20210511 20:16:36.146" critical="yes">Setup failed:
Resolving argument default values failed: Resolving variable '${dict.project}' failed: Variable '${dict}' not found.

Also teardown failed:
Several failures occurred:

1) Resolving variable '${dict.robot_log_path}' failed: Variable '${dict}' not found.

2) Variable '${yamlData}' not found.</status>
</test>
<test id="s1-s1-t10" name="TC_Airtel_Stability_010">
<kw name="Run Keywords" library="BuiltIn" type="setup">
<doc>Executes all the given keywords in a sequence.</doc>
<arguments>
<arg>Setup Log</arg>
<arg>AND</arg>
<arg>Start Device Log</arg>
<arg>${yamlData}</arg>
<arg>${log_type}</arg>
</arguments>
<kw name="Setup Log" library="res_common">
<msg timestamp="20210511 20:16:36.147" level="FAIL">Resolving argument default values failed: Resolving variable '${dict.project}' failed: Variable '${dict}' not found.</msg>
<status status="FAIL" starttime="20210511 20:16:36.147" endtime="20210511 20:16:36.147"></status>
</kw>
<status status="FAIL" starttime="20210511 20:16:36.146" endtime="20210511 20:16:36.147"></status>
</kw>
<kw name="Run Keywords" library="BuiltIn" type="teardown">
<doc>Executes all the given keywords in a sequence.</doc>
<arguments>
<arg>Set Iteration Path</arg>
<arg>${dict.robot_log_path}</arg>
<arg>AND</arg>
<arg>Stop Device Log</arg>
<arg>${yamlData}</arg>
<arg>${log_type}</arg>
<arg>AND</arg>
<arg>Remove Log Handler</arg>
</arguments>
<kw name="Set Iteration Path" library="res_common">
<arguments>
<arg>${dict.robot_log_path}</arg>
</arguments>
<msg timestamp="20210511 20:16:36.148" level="FAIL">Resolving variable '${dict.robot_log_path}' failed: Variable '${dict}' not found.</msg>
<status status="FAIL" starttime="20210511 20:16:36.148" endtime="20210511 20:16:36.148"></status>
</kw>
<kw name="Stop device Log" library="res_common">
<arguments>
<arg>${yamlData}</arg>
<arg>${log_type}</arg>
</arguments>
<msg timestamp="20210511 20:16:36.149" level="FAIL">Variable '${yamlData}' not found.</msg>
<status status="FAIL" starttime="20210511 20:16:36.149" endtime="20210511 20:16:36.149"></status>
</kw>
<kw name="Remove Log Handler" library="res_common">
<kw name="Remove Script Log Handler" library="common_log">
<doc>Removes all the logging handlers
:return: None</doc>
<msg timestamp="20210511 20:16:36.150" level="INFO">[&lt;RobotHandler (NOTSET)&gt;]</msg>
<status status="PASS" starttime="20210511 20:16:36.150" endtime="20210511 20:16:36.150"></status>
</kw>
<status status="PASS" starttime="20210511 20:16:36.149" endtime="20210511 20:16:36.150"></status>
</kw>
<status status="FAIL" starttime="20210511 20:16:36.148" endtime="20210511 20:16:36.150">Several failures occurred:

1) Resolving variable '${dict.robot_log_path}' failed: Variable '${dict}' not found.

2) Variable '${yamlData}' not found.</status>
</kw>
<doc>Performing upgrade and downgrade on call @ MT side</doc>
<tags>
<tag>TC_Airtel_Stability_010</tag>
</tags>
<timeout value="12 hours"></timeout>
<status status="FAIL" starttime="20210511 20:16:36.146" endtime="20210511 20:16:36.150" critical="yes">Setup failed:
Resolving argument default values failed: Resolving variable '${dict.project}' failed: Variable '${dict}' not found.

Also teardown failed:
Several failures occurred:

1) Resolving variable '${dict.robot_log_path}' failed: Variable '${dict}' not found.

2) Variable '${yamlData}' not found.</status>
</test>
<test id="s1-s1-t11" name="TC_Airtel_Stability_011">
<kw name="Run Keywords" library="BuiltIn" type="setup">
<doc>Executes all the given keywords in a sequence.</doc>
<arguments>
<arg>Setup Log</arg>
<arg>AND</arg>
<arg>Start Device Log</arg>
<arg>${yamlData}</arg>
<arg>${log_type}</arg>
</arguments>
<kw name="Setup Log" library="res_common">
<msg timestamp="20210511 20:16:36.153" level="FAIL">Resolving argument default values failed: Resolving variable '${dict.project}' failed: Variable '${dict}' not found.</msg>
<status status="FAIL" starttime="20210511 20:16:36.152" endtime="20210511 20:16:36.153"></status>
</kw>
<status status="FAIL" starttime="20210511 20:16:36.151" endtime="20210511 20:16:36.154"></status>
</kw>
<kw name="Run Keywords" library="BuiltIn" type="teardown">
<doc>Executes all the given keywords in a sequence.</doc>
<arguments>
<arg>Set Iteration Path</arg>
<arg>${dict.robot_log_path}</arg>
<arg>AND</arg>
<arg>Stop Device Log</arg>
<arg>${yamlData}</arg>
<arg>${log_type}</arg>
<arg>AND</arg>
<arg>Remove Log Handler</arg>
</arguments>
<kw name="Set Iteration Path" library="res_common">
<arguments>
<arg>${dict.robot_log_path}</arg>
</arguments>
<msg timestamp="20210511 20:16:36.155" level="FAIL">Resolving variable '${dict.robot_log_path}' failed: Variable '${dict}' not found.</msg>
<status status="FAIL" starttime="20210511 20:16:36.154" endtime="20210511 20:16:36.155"></status>
</kw>
<kw name="Stop device Log" library="res_common">
<arguments>
<arg>${yamlData}</arg>
<arg>${log_type}</arg>
</arguments>
<msg timestamp="20210511 20:16:36.156" level="FAIL">Variable '${yamlData}' not found.</msg>
<status status="FAIL" starttime="20210511 20:16:36.155" endtime="20210511 20:16:36.156"></status>
</kw>
<kw name="Remove Log Handler" library="res_common">
<kw name="Remove Script Log Handler" library="common_log">
<doc>Removes all the logging handlers
:return: None</doc>
<msg timestamp="20210511 20:16:36.156" level="INFO">[&lt;RobotHandler (NOTSET)&gt;]</msg>
<status status="PASS" starttime="20210511 20:16:36.156" endtime="20210511 20:16:36.157"></status>
</kw>
<status status="PASS" starttime="20210511 20:16:36.156" endtime="20210511 20:16:36.157"></status>
</kw>
<status status="FAIL" starttime="20210511 20:16:36.154" endtime="20210511 20:16:36.157">Several failures occurred:

1) Resolving variable '${dict.robot_log_path}' failed: Variable '${dict}' not found.

2) Variable '${yamlData}' not found.</status>
</kw>
<doc>Performing upgrade and downgrade on call @ MT side</doc>
<tags>
<tag>TC_Airtel_Stability_011</tag>
</tags>
<timeout value="12 hours"></timeout>
<status status="FAIL" starttime="20210511 20:16:36.151" endtime="20210511 20:16:36.157" critical="yes">Setup failed:
Resolving argument default values failed: Resolving variable '${dict.project}' failed: Variable '${dict}' not found.

Also teardown failed:
Several failures occurred:

1) Resolving variable '${dict.robot_log_path}' failed: Variable '${dict}' not found.

2) Variable '${yamlData}' not found.</status>
</test>
<test id="s1-s1-t12" name="TC_Airtel_Stability_012">
<kw name="Run Keywords" library="BuiltIn" type="setup">
<doc>Executes all the given keywords in a sequence.</doc>
<arguments>
<arg>Setup Log</arg>
<arg>AND</arg>
<arg>Start Device Log</arg>
<arg>${yamlData}</arg>
<arg>${log_type}</arg>
</arguments>
<kw name="Setup Log" library="res_common">
<msg timestamp="20210511 20:16:36.158" level="FAIL">Resolving argument default values failed: Resolving variable '${dict.project}' failed: Variable '${dict}' not found.</msg>
<status status="FAIL" starttime="20210511 20:16:36.158" endtime="20210511 20:16:36.159"></status>
</kw>
<status status="FAIL" starttime="20210511 20:16:36.158" endtime="20210511 20:16:36.159"></status>
</kw>
<kw name="Run Keywords" library="BuiltIn" type="teardown">
<doc>Executes all the given keywords in a sequence.</doc>
<arguments>
<arg>Set Iteration Path</arg>
<arg>${dict.robot_log_path}</arg>
<arg>AND</arg>
<arg>Stop Device Log</arg>
<arg>${yamlData}</arg>
<arg>${log_type}</arg>
<arg>AND</arg>
<arg>Remove Log Handler</arg>
</arguments>
<kw name="Set Iteration Path" library="res_common">
<arguments>
<arg>${dict.robot_log_path}</arg>
</arguments>
<msg timestamp="20210511 20:16:36.160" level="FAIL">Resolving variable '${dict.robot_log_path}' failed: Variable '${dict}' not found.</msg>
<status status="FAIL" starttime="20210511 20:16:36.159" endtime="20210511 20:16:36.160"></status>
</kw>
<kw name="Stop device Log" library="res_common">
<arguments>
<arg>${yamlData}</arg>
<arg>${log_type}</arg>
</arguments>
<msg timestamp="20210511 20:16:36.160" level="FAIL">Variable '${yamlData}' not found.</msg>
<status status="FAIL" starttime="20210511 20:16:36.160" endtime="20210511 20:16:36.160"></status>
</kw>
<kw name="Remove Log Handler" library="res_common">
<kw name="Remove Script Log Handler" library="common_log">
<doc>Removes all the logging handlers
:return: None</doc>
<msg timestamp="20210511 20:16:36.161" level="INFO">[&lt;RobotHandler (NOTSET)&gt;]</msg>
<status status="PASS" starttime="20210511 20:16:36.161" endtime="20210511 20:16:36.161"></status>
</kw>
<status status="PASS" starttime="20210511 20:16:36.161" endtime="20210511 20:16:36.161"></status>
</kw>
<status status="FAIL" starttime="20210511 20:16:36.159" endtime="20210511 20:16:36.161">Several failures occurred:

1) Resolving variable '${dict.robot_log_path}' failed: Variable '${dict}' not found.

2) Variable '${yamlData}' not found.</status>
</kw>
<doc>Performing upgrade and downgrade on call @ MT side</doc>
<tags>
<tag>TC_Airtel_Stability_012</tag>
</tags>
<timeout value="12 hours"></timeout>
<status status="FAIL" starttime="20210511 20:16:36.157" endtime="20210511 20:16:36.162" critical="yes">Setup failed:
Resolving argument default values failed: Resolving variable '${dict.project}' failed: Variable '${dict}' not found.

Also teardown failed:
Several failures occurred:

1) Resolving variable '${dict.robot_log_path}' failed: Variable '${dict}' not found.

2) Variable '${yamlData}' not found.</status>
</test>
<test id="s1-s1-t13" name="TC_Airtel_Stability_013">
<kw name="Run Keywords" library="BuiltIn" type="setup">
<doc>Executes all the given keywords in a sequence.</doc>
<arguments>
<arg>Setup Log</arg>
<arg>AND</arg>
<arg>Start Device Log</arg>
<arg>${yamlData}</arg>
<arg>${log_type}</arg>
</arguments>
<kw name="Setup Log" library="res_common">
<msg timestamp="20210511 20:16:36.163" level="FAIL">Resolving argument default values failed: Resolving variable '${dict.project}' failed: Variable '${dict}' not found.</msg>
<status status="FAIL" starttime="20210511 20:16:36.163" endtime="20210511 20:16:36.163"></status>
</kw>
<status status="FAIL" starttime="20210511 20:16:36.162" endtime="20210511 20:16:36.163"></status>
</kw>
<kw name="Run Keywords" library="BuiltIn" type="teardown">
<doc>Executes all the given keywords in a sequence.</doc>
<arguments>
<arg>Set Iteration Path</arg>
<arg>${dict.robot_log_path}</arg>
<arg>AND</arg>
<arg>Stop Device Log</arg>
<arg>${yamlData}</arg>
<arg>${log_type}</arg>
<arg>AND</arg>
<arg>Remove Log Handler</arg>
</arguments>
<kw name="Set Iteration Path" library="res_common">
<arguments>
<arg>${dict.robot_log_path}</arg>
</arguments>
<msg timestamp="20210511 20:16:36.164" level="FAIL">Resolving variable '${dict.robot_log_path}' failed: Variable '${dict}' not found.</msg>
<status status="FAIL" starttime="20210511 20:16:36.164" endtime="20210511 20:16:36.164"></status>
</kw>
<kw name="Stop device Log" library="res_common">
<arguments>
<arg>${yamlData}</arg>
<arg>${log_type}</arg>
</arguments>
<msg timestamp="20210511 20:16:36.165" level="FAIL">Variable '${yamlData}' not found.</msg>
<status status="FAIL" starttime="20210511 20:16:36.164" endtime="20210511 20:16:36.165"></status>
</kw>
<kw name="Remove Log Handler" library="res_common">
<kw name="Remove Script Log Handler" library="common_log">
<doc>Removes all the logging handlers
:return: None</doc>
<msg timestamp="20210511 20:16:36.166" level="INFO">[&lt;RobotHandler (NOTSET)&gt;]</msg>
<status status="PASS" starttime="20210511 20:16:36.166" endtime="20210511 20:16:36.166"></status>
</kw>
<status status="PASS" starttime="20210511 20:16:36.165" endtime="20210511 20:16:36.166"></status>
</kw>
<status status="FAIL" starttime="20210511 20:16:36.164" endtime="20210511 20:16:36.166">Several failures occurred:

1) Resolving variable '${dict.robot_log_path}' failed: Variable '${dict}' not found.

2) Variable '${yamlData}' not found.</status>
</kw>
<doc>Performing upgrade and downgrade on call @ MT side</doc>
<tags>
<tag>TC_Airtel_Stability_013</tag>
</tags>
<timeout value="12 hours"></timeout>
<status status="FAIL" starttime="20210511 20:16:36.162" endtime="20210511 20:16:36.166" critical="yes">Setup failed:
Resolving argument default values failed: Resolving variable '${dict.project}' failed: Variable '${dict}' not found.

Also teardown failed:
Several failures occurred:

1) Resolving variable '${dict.robot_log_path}' failed: Variable '${dict}' not found.

2) Variable '${yamlData}' not found.</status>
</test>
<test id="s1-s1-t14" name="TC_Airtel_Stability_014">
<kw name="Run Keywords" library="BuiltIn" type="setup">
<doc>Executes all the given keywords in a sequence.</doc>
<arguments>
<arg>Setup Log</arg>
<arg>AND</arg>
<arg>Start Device Log</arg>
<arg>${yamlData}</arg>
<arg>${log_type}</arg>
</arguments>
<kw name="Setup Log" library="res_common">
<msg timestamp="20210511 20:16:36.168" level="FAIL">Resolving argument default values failed: Resolving variable '${dict.project}' failed: Variable '${dict}' not found.</msg>
<status status="FAIL" starttime="20210511 20:16:36.167" endtime="20210511 20:16:36.168"></status>
</kw>
<status status="FAIL" starttime="20210511 20:16:36.167" endtime="20210511 20:16:36.168"></status>
</kw>
<kw name="Run Keywords" library="BuiltIn" type="teardown">
<doc>Executes all the given keywords in a sequence.</doc>
<arguments>
<arg>Set Iteration Path</arg>
<arg>${dict.robot_log_path}</arg>
<arg>AND</arg>
<arg>Stop Device Log</arg>
<arg>${yamlData}</arg>
<arg>${log_type}</arg>
<arg>AND</arg>
<arg>Remove Log Handler</arg>
</arguments>
<kw name="Set Iteration Path" library="res_common">
<arguments>
<arg>${dict.robot_log_path}</arg>
</arguments>
<msg timestamp="20210511 20:16:36.169" level="FAIL">Resolving variable '${dict.robot_log_path}' failed: Variable '${dict}' not found.</msg>
<status status="FAIL" starttime="20210511 20:16:36.168" endtime="20210511 20:16:36.169"></status>
</kw>
<kw name="Stop device Log" library="res_common">
<arguments>
<arg>${yamlData}</arg>
<arg>${log_type}</arg>
</arguments>
<msg timestamp="20210511 20:16:36.170" level="FAIL">Variable '${yamlData}' not found.</msg>
<status status="FAIL" starttime="20210511 20:16:36.169" endtime="20210511 20:16:36.170"></status>
</kw>
<kw name="Remove Log Handler" library="res_common">
<kw name="Remove Script Log Handler" library="common_log">
<doc>Removes all the logging handlers
:return: None</doc>
<msg timestamp="20210511 20:16:36.170" level="INFO">[&lt;RobotHandler (NOTSET)&gt;]</msg>
<status status="PASS" starttime="20210511 20:16:36.170" endtime="20210511 20:16:36.170"></status>
</kw>
<status status="PASS" starttime="20210511 20:16:36.170" endtime="20210511 20:16:36.171"></status>
</kw>
<status status="FAIL" starttime="20210511 20:16:36.168" endtime="20210511 20:16:36.171">Several failures occurred:

1) Resolving variable '${dict.robot_log_path}' failed: Variable '${dict}' not found.

2) Variable '${yamlData}' not found.</status>
</kw>
<doc>Performing VT call</doc>
<tags>
<tag>TC_Airtel_Stability_014</tag>
</tags>
<timeout value="12 hours"></timeout>
<status status="FAIL" starttime="20210511 20:16:36.166" endtime="20210511 20:16:36.171" critical="yes">Setup failed:
Resolving argument default values failed: Resolving variable '${dict.project}' failed: Variable '${dict}' not found.

Also teardown failed:
Several failures occurred:

1) Resolving variable '${dict.robot_log_path}' failed: Variable '${dict}' not found.

2) Variable '${yamlData}' not found.</status>
</test>
<test id="s1-s1-t15" name="TC_Airtel_Stability_015">
<kw name="Run Keywords" library="BuiltIn" type="setup">
<doc>Executes all the given keywords in a sequence.</doc>
<arguments>
<arg>Setup Log</arg>
<arg>AND</arg>
<arg>Start Device Log</arg>
<arg>${yamlData}</arg>
<arg>${log_type}</arg>
</arguments>
<kw name="Setup Log" library="res_common">
<msg timestamp="20210511 20:16:36.172" level="FAIL">Resolving argument default values failed: Resolving variable '${dict.project}' failed: Variable '${dict}' not found.</msg>
<status status="FAIL" starttime="20210511 20:16:36.172" endtime="20210511 20:16:36.172"></status>
</kw>
<status status="FAIL" starttime="20210511 20:16:36.172" endtime="20210511 20:16:36.173"></status>
</kw>
<kw name="Run Keywords" library="BuiltIn" type="teardown">
<doc>Executes all the given keywords in a sequence.</doc>
<arguments>
<arg>Set Iteration Path</arg>
<arg>${dict.robot_log_path}</arg>
<arg>AND</arg>
<arg>Stop Device Log</arg>
<arg>${yamlData}</arg>
<arg>${log_type}</arg>
<arg>AND</arg>
<arg>Remove Log Handler</arg>
</arguments>
<kw name="Set Iteration Path" library="res_common">
<arguments>
<arg>${dict.robot_log_path}</arg>
</arguments>
<msg timestamp="20210511 20:16:36.174" level="FAIL">Resolving variable '${dict.robot_log_path}' failed: Variable '${dict}' not found.</msg>
<status status="FAIL" starttime="20210511 20:16:36.173" endtime="20210511 20:16:36.174"></status>
</kw>
<kw name="Stop device Log" library="res_common">
<arguments>
<arg>${yamlData}</arg>
<arg>${log_type}</arg>
</arguments>
<msg timestamp="20210511 20:16:36.174" level="FAIL">Variable '${yamlData}' not found.</msg>
<status status="FAIL" starttime="20210511 20:16:36.174" endtime="20210511 20:16:36.174"></status>
</kw>
<kw name="Remove Log Handler" library="res_common">
<kw name="Remove Script Log Handler" library="common_log">
<doc>Removes all the logging handlers
:return: None</doc>
<msg timestamp="20210511 20:16:36.175" level="INFO">[&lt;RobotHandler (NOTSET)&gt;]</msg>
<status status="PASS" starttime="20210511 20:16:36.175" endtime="20210511 20:16:36.175"></status>
</kw>
<status status="PASS" starttime="20210511 20:16:36.174" endtime="20210511 20:16:36.175"></status>
</kw>
<status status="FAIL" starttime="20210511 20:16:36.173" endtime="20210511 20:16:36.175">Several failures occurred:

1) Resolving variable '${dict.robot_log_path}' failed: Variable '${dict}' not found.

2) Variable '${yamlData}' not found.</status>
</kw>
<doc>Performing VT Connect and Disconnect</doc>
<tags>
<tag>TC_Airtel_Stability_015</tag>
</tags>
<timeout value="12 hours"></timeout>
<status status="FAIL" starttime="20210511 20:16:36.171" endtime="20210511 20:16:36.175" critical="yes">Setup failed:
Resolving argument default values failed: Resolving variable '${dict.project}' failed: Variable '${dict}' not found.

Also teardown failed:
Several failures occurred:

1) Resolving variable '${dict.robot_log_path}' failed: Variable '${dict}' not found.

2) Variable '${yamlData}' not found.</status>
</test>
<test id="s1-s1-t16" name="TC_Airtel_Stability_016">
<kw name="Run Keywords" library="BuiltIn" type="setup">
<doc>Executes all the given keywords in a sequence.</doc>
<arguments>
<arg>Setup Log</arg>
<arg>AND</arg>
<arg>Start Device Log</arg>
<arg>${yamlData}</arg>
<arg>${log_type}</arg>
</arguments>
<kw name="Setup Log" library="res_common">
<msg timestamp="20210511 20:16:36.177" level="FAIL">Resolving argument default values failed: Resolving variable '${dict.project}' failed: Variable '${dict}' not found.</msg>
<status status="FAIL" starttime="20210511 20:16:36.176" endtime="20210511 20:16:36.177"></status>
</kw>
<status status="FAIL" starttime="20210511 20:16:36.176" endtime="20210511 20:16:36.177"></status>
</kw>
<kw name="Run Keywords" library="BuiltIn" type="teardown">
<doc>Executes all the given keywords in a sequence.</doc>
<arguments>
<arg>Set Iteration Path</arg>
<arg>${dict.robot_log_path}</arg>
<arg>AND</arg>
<arg>Stop Device Log</arg>
<arg>${yamlData}</arg>
<arg>${log_type}</arg>
<arg>AND</arg>
<arg>Remove Log Handler</arg>
</arguments>
<kw name="Set Iteration Path" library="res_common">
<arguments>
<arg>${dict.robot_log_path}</arg>
</arguments>
<msg timestamp="20210511 20:16:36.178" level="FAIL">Resolving variable '${dict.robot_log_path}' failed: Variable '${dict}' not found.</msg>
<status status="FAIL" starttime="20210511 20:16:36.178" endtime="20210511 20:16:36.178"></status>
</kw>
<kw name="Stop device Log" library="res_common">
<arguments>
<arg>${yamlData}</arg>
<arg>${log_type}</arg>
</arguments>
<msg timestamp="20210511 20:16:36.179" level="FAIL">Variable '${yamlData}' not found.</msg>
<status status="FAIL" starttime="20210511 20:16:36.178" endtime="20210511 20:16:36.179"></status>
</kw>
<kw name="Remove Log Handler" library="res_common">
<kw name="Remove Script Log Handler" library="common_log">
<doc>Removes all the logging handlers
:return: None</doc>
<msg timestamp="20210511 20:16:36.179" level="INFO">[&lt;RobotHandler (NOTSET)&gt;]</msg>
<status status="PASS" starttime="20210511 20:16:36.179" endtime="20210511 20:16:36.180"></status>
</kw>
<status status="PASS" starttime="20210511 20:16:36.179" endtime="20210511 20:16:36.180"></status>
</kw>
<status status="FAIL" starttime="20210511 20:16:36.177" endtime="20210511 20:16:36.180">Several failures occurred:

1) Resolving variable '${dict.robot_log_path}' failed: Variable '${dict}' not found.

2) Variable '${yamlData}' not found.</status>
</kw>
<doc>Performing VT Call Hold Unhold</doc>
<tags>
<tag>TC_Airtel_Stability_016</tag>
</tags>
<timeout value="12 hours"></timeout>
<status status="FAIL" starttime="20210511 20:16:36.176" endtime="20210511 20:16:36.180" critical="yes">Setup failed:
Resolving argument default values failed: Resolving variable '${dict.project}' failed: Variable '${dict}' not found.

Also teardown failed:
Several failures occurred:

1) Resolving variable '${dict.robot_log_path}' failed: Variable '${dict}' not found.

2) Variable '${yamlData}' not found.</status>
</test>
<test id="s1-s1-t17" name="TC_Airtel_Stability_017">
<kw name="Run Keywords" library="BuiltIn" type="setup">
<doc>Executes all the given keywords in a sequence.</doc>
<arguments>
<arg>Setup Log</arg>
<arg>AND</arg>
<arg>Start Device Log</arg>
<arg>${yamlData}</arg>
<arg>${log_type}</arg>
</arguments>
<kw name="Setup Log" library="res_common">
<msg timestamp="20210511 20:16:36.183" level="FAIL">Resolving argument default values failed: Resolving variable '${dict.project}' failed: Variable '${dict}' not found.</msg>
<status status="FAIL" starttime="20210511 20:16:36.182" endtime="20210511 20:16:36.183"></status>
</kw>
<status status="FAIL" starttime="20210511 20:16:36.182" endtime="20210511 20:16:36.183"></status>
</kw>
<kw name="Run Keywords" library="BuiltIn" type="teardown">
<doc>Executes all the given keywords in a sequence.</doc>
<arguments>
<arg>Set Iteration Path</arg>
<arg>${dict.robot_log_path}</arg>
<arg>AND</arg>
<arg>Stop Device Log</arg>
<arg>${yamlData}</arg>
<arg>${log_type}</arg>
<arg>AND</arg>
<arg>Remove Log Handler</arg>
</arguments>
<kw name="Set Iteration Path" library="res_common">
<arguments>
<arg>${dict.robot_log_path}</arg>
</arguments>
<msg timestamp="20210511 20:16:36.184" level="FAIL">Resolving variable '${dict.robot_log_path}' failed: Variable '${dict}' not found.</msg>
<status status="FAIL" starttime="20210511 20:16:36.184" endtime="20210511 20:16:36.184"></status>
</kw>
<kw name="Stop device Log" library="res_common">
<arguments>
<arg>${yamlData}</arg>
<arg>${log_type}</arg>
</arguments>
<msg timestamp="20210511 20:16:36.185" level="FAIL">Variable '${yamlData}' not found.</msg>
<status status="FAIL" starttime="20210511 20:16:36.184" endtime="20210511 20:16:36.185"></status>
</kw>
<kw name="Remove Log Handler" library="res_common">
<kw name="Remove Script Log Handler" library="common_log">
<doc>Removes all the logging handlers
:return: None</doc>
<msg timestamp="20210511 20:16:36.186" level="INFO">[&lt;RobotHandler (NOTSET)&gt;]</msg>
<status status="PASS" starttime="20210511 20:16:36.185" endtime="20210511 20:16:36.186"></status>
</kw>
<status status="PASS" starttime="20210511 20:16:36.185" endtime="20210511 20:16:36.186"></status>
</kw>
<status status="FAIL" starttime="20210511 20:16:36.183" endtime="20210511 20:16:36.186">Several failures occurred:

1) Resolving variable '${dict.robot_log_path}' failed: Variable '${dict}' not found.

2) Variable '${yamlData}' not found.</status>
</kw>
<doc>Performing Swapping of VT calls</doc>
<tags>
<tag>TC_Airtel_Stability_017</tag>
</tags>
<timeout value="12 hours"></timeout>
<status status="FAIL" starttime="20210511 20:16:36.180" endtime="20210511 20:16:36.186" critical="yes">Setup failed:
Resolving argument default values failed: Resolving variable '${dict.project}' failed: Variable '${dict}' not found.

Also teardown failed:
Several failures occurred:

1) Resolving variable '${dict.robot_log_path}' failed: Variable '${dict}' not found.

2) Variable '${yamlData}' not found.</status>
</test>
<test id="s1-s1-t18" name="TC_Airtel_Stability_018">
<kw name="Run Keywords" library="BuiltIn" type="setup">
<doc>Executes all the given keywords in a sequence.</doc>
<arguments>
<arg>Setup Log</arg>
<arg>AND</arg>
<arg>Start Device Log</arg>
<arg>${yamlData}</arg>
<arg>${log_type}</arg>
</arguments>
<kw name="Setup Log" library="res_common">
<msg timestamp="20210511 20:16:36.188" level="FAIL">Resolving argument default values failed: Resolving variable '${dict.project}' failed: Variable '${dict}' not found.</msg>
<status status="FAIL" starttime="20210511 20:16:36.187" endtime="20210511 20:16:36.188"></status>
</kw>
<status status="FAIL" starttime="20210511 20:16:36.187" endtime="20210511 20:16:36.188"></status>
</kw>
<kw name="Run Keywords" library="BuiltIn" type="teardown">
<doc>Executes all the given keywords in a sequence.</doc>
<arguments>
<arg>Set Iteration Path</arg>
<arg>${dict.robot_log_path}</arg>
<arg>AND</arg>
<arg>Stop Device Log</arg>
<arg>${yamlData}</arg>
<arg>${log_type}</arg>
<arg>AND</arg>
<arg>Remove Log Handler</arg>
</arguments>
<kw name="Set Iteration Path" library="res_common">
<arguments>
<arg>${dict.robot_log_path}</arg>
</arguments>
<msg timestamp="20210511 20:16:36.189" level="FAIL">Resolving variable '${dict.robot_log_path}' failed: Variable '${dict}' not found.</msg>
<status status="FAIL" starttime="20210511 20:16:36.188" endtime="20210511 20:16:36.189"></status>
</kw>
<kw name="Stop device Log" library="res_common">
<arguments>
<arg>${yamlData}</arg>
<arg>${log_type}</arg>
</arguments>
<msg timestamp="20210511 20:16:36.189" level="FAIL">Variable '${yamlData}' not found.</msg>
<status status="FAIL" starttime="20210511 20:16:36.189" endtime="20210511 20:16:36.189"></status>
</kw>
<kw name="Remove Log Handler" library="res_common">
<kw name="Remove Script Log Handler" library="common_log">
<doc>Removes all the logging handlers
:return: None</doc>
<msg timestamp="20210511 20:16:36.190" level="INFO">[&lt;RobotHandler (NOTSET)&gt;]</msg>
<status status="PASS" starttime="20210511 20:16:36.190" endtime="20210511 20:16:36.190"></status>
</kw>
<status status="PASS" starttime="20210511 20:16:36.190" endtime="20210511 20:16:36.190"></status>
</kw>
<status status="FAIL" starttime="20210511 20:16:36.188" endtime="20210511 20:16:36.191">Several failures occurred:

1) Resolving variable '${dict.robot_log_path}' failed: Variable '${dict}' not found.

2) Variable '${yamlData}' not found.</status>
</kw>
<doc>Performing vt conf call</doc>
<tags>
<tag>TC_Airtel_Stability_018</tag>
</tags>
<timeout value="12 hours"></timeout>
<status status="FAIL" starttime="20210511 20:16:36.186" endtime="20210511 20:16:36.191" critical="yes">Setup failed:
Resolving argument default values failed: Resolving variable '${dict.project}' failed: Variable '${dict}' not found.

Also teardown failed:
Several failures occurred:

1) Resolving variable '${dict.robot_log_path}' failed: Variable '${dict}' not found.

2) Variable '${yamlData}' not found.</status>
</test>
<test id="s1-s1-t19" name="TC_Airtel_Stability_019">
<kw name="Run Keywords" library="BuiltIn" type="setup">
<doc>Executes all the given keywords in a sequence.</doc>
<arguments>
<arg>Setup Log</arg>
<arg>AND</arg>
<arg>Start Device Log</arg>
<arg>${yamlData}</arg>
<arg>${log_type}</arg>
</arguments>
<kw name="Setup Log" library="res_common">
<msg timestamp="20210511 20:16:36.192" level="FAIL">Resolving argument default values failed: Resolving variable '${dict.project}' failed: Variable '${dict}' not found.</msg>
<status status="FAIL" starttime="20210511 20:16:36.192" endtime="20210511 20:16:36.192"></status>
</kw>
<status status="FAIL" starttime="20210511 20:16:36.191" endtime="20210511 20:16:36.193"></status>
</kw>
<kw name="Run Keywords" library="BuiltIn" type="teardown">
<doc>Executes all the given keywords in a sequence.</doc>
<arguments>
<arg>Set Iteration Path</arg>
<arg>${dict.robot_log_path}</arg>
<arg>AND</arg>
<arg>Stop Device Log</arg>
<arg>${yamlData}</arg>
<arg>${log_type}</arg>
<arg>AND</arg>
<arg>Remove Log Handler</arg>
</arguments>
<kw name="Set Iteration Path" library="res_common">
<arguments>
<arg>${dict.robot_log_path}</arg>
</arguments>
<msg timestamp="20210511 20:16:36.194" level="FAIL">Resolving variable '${dict.robot_log_path}' failed: Variable '${dict}' not found.</msg>
<status status="FAIL" starttime="20210511 20:16:36.193" endtime="20210511 20:16:36.194"></status>
</kw>
<kw name="Stop device Log" library="res_common">
<arguments>
<arg>${yamlData}</arg>
<arg>${log_type}</arg>
</arguments>
<msg timestamp="20210511 20:16:36.194" level="FAIL">Variable '${yamlData}' not found.</msg>
<status status="FAIL" starttime="20210511 20:16:36.194" endtime="20210511 20:16:36.194"></status>
</kw>
<kw name="Remove Log Handler" library="res_common">
<kw name="Remove Script Log Handler" library="common_log">
<doc>Removes all the logging handlers
:return: None</doc>
<msg timestamp="20210511 20:16:36.195" level="INFO">[&lt;RobotHandler (NOTSET)&gt;]</msg>
<status status="PASS" starttime="20210511 20:16:36.195" endtime="20210511 20:16:36.195"></status>
</kw>
<status status="PASS" starttime="20210511 20:16:36.194" endtime="20210511 20:16:36.195"></status>
</kw>
<status status="FAIL" starttime="20210511 20:16:36.193" endtime="20210511 20:16:36.195">Several failures occurred:

1) Resolving variable '${dict.robot_log_path}' failed: Variable '${dict}' not found.

2) Variable '${yamlData}' not found.</status>
</kw>
<doc>Performing VT updown</doc>
<tags>
<tag>TC_Airtel_Stability_019</tag>
</tags>
<timeout value="12 hours"></timeout>
<status status="FAIL" starttime="20210511 20:16:36.191" endtime="20210511 20:16:36.195" critical="yes">Setup failed:
Resolving argument default values failed: Resolving variable '${dict.project}' failed: Variable '${dict}' not found.

Also teardown failed:
Several failures occurred:

1) Resolving variable '${dict.robot_log_path}' failed: Variable '${dict}' not found.

2) Variable '${yamlData}' not found.</status>
</test>
<test id="s1-s1-t20" name="TC_Airtel_Stability_020">
<kw name="Run Keywords" library="BuiltIn" type="setup">
<doc>Executes all the given keywords in a sequence.</doc>
<arguments>
<arg>Setup Log</arg>
<arg>AND</arg>
<arg>Start Device Log</arg>
<arg>${yamlData}</arg>
<arg>${log_type}</arg>
</arguments>
<kw name="Setup Log" library="res_common">
<msg timestamp="20210511 20:16:36.197" level="FAIL">Resolving argument default values failed: Resolving variable '${dict.project}' failed: Variable '${dict}' not found.</msg>
<status status="FAIL" starttime="20210511 20:16:36.196" endtime="20210511 20:16:36.197"></status>
</kw>
<status status="FAIL" starttime="20210511 20:16:36.196" endtime="20210511 20:16:36.197"></status>
</kw>
<kw name="Run Keywords" library="BuiltIn" type="teardown">
<doc>Executes all the given keywords in a sequence.</doc>
<arguments>
<arg>Set Iteration Path</arg>
<arg>${dict.robot_log_path}</arg>
<arg>AND</arg>
<arg>Stop Device Log</arg>
<arg>${yamlData}</arg>
<arg>${log_type}</arg>
<arg>AND</arg>
<arg>Remove Log Handler</arg>
</arguments>
<kw name="Set Iteration Path" library="res_common">
<arguments>
<arg>${dict.robot_log_path}</arg>
</arguments>
<msg timestamp="20210511 20:16:36.198" level="FAIL">Resolving variable '${dict.robot_log_path}' failed: Variable '${dict}' not found.</msg>
<status status="FAIL" starttime="20210511 20:16:36.197" endtime="20210511 20:16:36.198"></status>
</kw>
<kw name="Stop device Log" library="res_common">
<arguments>
<arg>${yamlData}</arg>
<arg>${log_type}</arg>
</arguments>
<msg timestamp="20210511 20:16:36.199" level="FAIL">Variable '${yamlData}' not found.</msg>
<status status="FAIL" starttime="20210511 20:16:36.198" endtime="20210511 20:16:36.199"></status>
</kw>
<kw name="Remove Log Handler" library="res_common">
<kw name="Remove Script Log Handler" library="common_log">
<doc>Removes all the logging handlers
:return: None</doc>
<msg timestamp="20210511 20:16:36.200" level="INFO">[&lt;RobotHandler (NOTSET)&gt;]</msg>
<status status="PASS" starttime="20210511 20:16:36.199" endtime="20210511 20:16:36.200"></status>
</kw>
<status status="PASS" starttime="20210511 20:16:36.199" endtime="20210511 20:16:36.200"></status>
</kw>
<status status="FAIL" starttime="20210511 20:16:36.197" endtime="20210511 20:16:36.200">Several failures occurred:

1) Resolving variable '${dict.robot_log_path}' failed: Variable '${dict}' not found.

2) Variable '${yamlData}' not found.</status>
</kw>
<doc>Performing VT updown</doc>
<tags>
<tag>TC_Airtel_Stability_020</tag>
</tags>
<timeout value="12 hours"></timeout>
<status status="FAIL" starttime="20210511 20:16:36.195" endtime="20210511 20:16:36.200" critical="yes">Setup failed:
Resolving argument default values failed: Resolving variable '${dict.project}' failed: Variable '${dict}' not found.

Also teardown failed:
Several failures occurred:

1) Resolving variable '${dict.robot_log_path}' failed: Variable '${dict}' not found.

2) Variable '${yamlData}' not found.</status>
</test>
<test id="s1-s1-t21" name="TC_Airtel_Stability_021">
<kw name="Run Keywords" library="BuiltIn" type="setup">
<doc>Executes all the given keywords in a sequence.</doc>
<arguments>
<arg>Setup Log</arg>
<arg>AND</arg>
<arg>Start Device Log</arg>
<arg>${yamlData}</arg>
<arg>${log_type}</arg>
</arguments>
<kw name="Setup Log" library="res_common">
<msg timestamp="20210511 20:16:36.201" level="FAIL">Resolving argument default values failed: Resolving variable '${dict.project}' failed: Variable '${dict}' not found.</msg>
<status status="FAIL" starttime="20210511 20:16:36.201" endtime="20210511 20:16:36.202"></status>
</kw>
<status status="FAIL" starttime="20210511 20:16:36.201" endtime="20210511 20:16:36.202"></status>
</kw>
<kw name="Run Keywords" library="BuiltIn" type="teardown">
<doc>Executes all the given keywords in a sequence.</doc>
<arguments>
<arg>Set Iteration Path</arg>
<arg>${dict.robot_log_path}</arg>
<arg>AND</arg>
<arg>Stop Device Log</arg>
<arg>${yamlData}</arg>
<arg>${log_type}</arg>
<arg>AND</arg>
<arg>Remove Log Handler</arg>
</arguments>
<kw name="Set Iteration Path" library="res_common">
<arguments>
<arg>${dict.robot_log_path}</arg>
</arguments>
<msg timestamp="20210511 20:16:36.203" level="FAIL">Resolving variable '${dict.robot_log_path}' failed: Variable '${dict}' not found.</msg>
<status status="FAIL" starttime="20210511 20:16:36.202" endtime="20210511 20:16:36.203"></status>
</kw>
<kw name="Stop device Log" library="res_common">
<arguments>
<arg>${yamlData}</arg>
<arg>${log_type}</arg>
</arguments>
<msg timestamp="20210511 20:16:36.203" level="FAIL">Variable '${yamlData}' not found.</msg>
<status status="FAIL" starttime="20210511 20:16:36.203" endtime="20210511 20:16:36.203"></status>
</kw>
<kw name="Remove Log Handler" library="res_common">
<kw name="Remove Script Log Handler" library="common_log">
<doc>Removes all the logging handlers
:return: None</doc>
<msg timestamp="20210511 20:16:36.204" level="INFO">[&lt;RobotHandler (NOTSET)&gt;]</msg>
<status status="PASS" starttime="20210511 20:16:36.204" endtime="20210511 20:16:36.204"></status>
</kw>
<status status="PASS" starttime="20210511 20:16:36.203" endtime="20210511 20:16:36.204"></status>
</kw>
<status status="FAIL" starttime="20210511 20:16:36.202" endtime="20210511 20:16:36.204">Several failures occurred:

1) Resolving variable '${dict.robot_log_path}' failed: Variable '${dict}' not found.

2) Variable '${yamlData}' not found.</status>
</kw>
<doc>Performing VT updown</doc>
<tags>
<tag>TC_Airtel_Stability_021</tag>
</tags>
<timeout value="12 hours"></timeout>
<status status="FAIL" starttime="20210511 20:16:36.200" endtime="20210511 20:16:36.204" critical="yes">Setup failed:
Resolving argument default values failed: Resolving variable '${dict.project}' failed: Variable '${dict}' not found.

Also teardown failed:
Several failures occurred:

1) Resolving variable '${dict.robot_log_path}' failed: Variable '${dict}' not found.

2) Variable '${yamlData}' not found.</status>
</test>
<test id="s1-s1-t22" name="TC_Airtel_Stability_022">
<kw name="Run Keywords" library="BuiltIn" type="setup">
<doc>Executes all the given keywords in a sequence.</doc>
<arguments>
<arg>Setup Log</arg>
<arg>AND</arg>
<arg>Start Device Log</arg>
<arg>${yamlData}</arg>
<arg>${log_type}</arg>
</arguments>
<kw name="Setup Log" library="res_common">
<msg timestamp="20210511 20:16:36.207" level="FAIL">Resolving argument default values failed: Resolving variable '${dict.project}' failed: Variable '${dict}' not found.</msg>
<status status="FAIL" starttime="20210511 20:16:36.205" endtime="20210511 20:16:36.207"></status>
</kw>
<status status="FAIL" starttime="20210511 20:16:36.205" endtime="20210511 20:16:36.207"></status>
</kw>
<kw name="Run Keywords" library="BuiltIn" type="teardown">
<doc>Executes all the given keywords in a sequence.</doc>
<arguments>
<arg>Set Iteration Path</arg>
<arg>${dict.robot_log_path}</arg>
<arg>AND</arg>
<arg>Stop Device Log</arg>
<arg>${yamlData}</arg>
<arg>${log_type}</arg>
<arg>AND</arg>
<arg>Remove Log Handler</arg>
</arguments>
<kw name="Set Iteration Path" library="res_common">
<arguments>
<arg>${dict.robot_log_path}</arg>
</arguments>
<msg timestamp="20210511 20:16:36.208" level="FAIL">Resolving variable '${dict.robot_log_path}' failed: Variable '${dict}' not found.</msg>
<status status="FAIL" starttime="20210511 20:16:36.208" endtime="20210511 20:16:36.208"></status>
</kw>
<kw name="Stop device Log" library="res_common">
<arguments>
<arg>${yamlData}</arg>
<arg>${log_type}</arg>
</arguments>
<msg timestamp="20210511 20:16:36.209" level="FAIL">Variable '${yamlData}' not found.</msg>
<status status="FAIL" starttime="20210511 20:16:36.208" endtime="20210511 20:16:36.209"></status>
</kw>
<kw name="Remove Log Handler" library="res_common">
<kw name="Remove Script Log Handler" library="common_log">
<doc>Removes all the logging handlers
:return: None</doc>
<msg timestamp="20210511 20:16:36.210" level="INFO">[&lt;RobotHandler (NOTSET)&gt;]</msg>
<status status="PASS" starttime="20210511 20:16:36.210" endtime="20210511 20:16:36.210"></status>
</kw>
<status status="PASS" starttime="20210511 20:16:36.209" endtime="20210511 20:16:36.210"></status>
</kw>
<status status="FAIL" starttime="20210511 20:16:36.207" endtime="20210511 20:16:36.210">Several failures occurred:

1) Resolving variable '${dict.robot_log_path}' failed: Variable '${dict}' not found.

2) Variable '${yamlData}' not found.</status>
</kw>
<doc>Performing VT updown</doc>
<tags>
<tag>TC_Airtel_Stability_022</tag>
</tags>
<timeout value="12 hours"></timeout>
<status status="FAIL" starttime="20210511 20:16:36.204" endtime="20210511 20:16:36.210" critical="yes">Setup failed:
Resolving argument default values failed: Resolving variable '${dict.project}' failed: Variable '${dict}' not found.

Also teardown failed:
Several failures occurred:

1) Resolving variable '${dict.robot_log_path}' failed: Variable '${dict}' not found.

2) Variable '${yamlData}' not found.</status>
</test>
<test id="s1-s1-t23" name="TC_Airtel_Stability_023">
<kw name="Run Keywords" library="BuiltIn" type="setup">
<doc>Executes all the given keywords in a sequence.</doc>
<arguments>
<arg>Setup Log</arg>
<arg>AND</arg>
<arg>Start Device Log</arg>
<arg>${yamlData}</arg>
<arg>${log_type}</arg>
</arguments>
<kw name="Setup Log" library="res_common">
<msg timestamp="20210511 20:16:36.212" level="FAIL">Resolving argument default values failed: Resolving variable '${dict.project}' failed: Variable '${dict}' not found.</msg>
<status status="FAIL" starttime="20210511 20:16:36.211" endtime="20210511 20:16:36.212"></status>
</kw>
<status status="FAIL" starttime="20210511 20:16:36.211" endtime="20210511 20:16:36.212"></status>
</kw>
<kw name="Run Keywords" library="BuiltIn" type="teardown">
<doc>Executes all the given keywords in a sequence.</doc>
<arguments>
<arg>Set Iteration Path</arg>
<arg>${dict.robot_log_path}</arg>
<arg>AND</arg>
<arg>Stop Device Log</arg>
<arg>${yamlData}</arg>
<arg>${log_type}</arg>
<arg>AND</arg>
<arg>Remove Log Handler</arg>
</arguments>
<kw name="Set Iteration Path" library="res_common">
<arguments>
<arg>${dict.robot_log_path}</arg>
</arguments>
<msg timestamp="20210511 20:16:36.213" level="FAIL">Resolving variable '${dict.robot_log_path}' failed: Variable '${dict}' not found.</msg>
<status status="FAIL" starttime="20210511 20:16:36.212" endtime="20210511 20:16:36.213"></status>
</kw>
<kw name="Stop device Log" library="res_common">
<arguments>
<arg>${yamlData}</arg>
<arg>${log_type}</arg>
</arguments>
<msg timestamp="20210511 20:16:36.214" level="FAIL">Variable '${yamlData}' not found.</msg>
<status status="FAIL" starttime="20210511 20:16:36.213" endtime="20210511 20:16:36.214"></status>
</kw>
<kw name="Remove Log Handler" library="res_common">
<kw name="Remove Script Log Handler" library="common_log">
<doc>Removes all the logging handlers
:return: None</doc>
<msg timestamp="20210511 20:16:36.214" level="INFO">[&lt;RobotHandler (NOTSET)&gt;]</msg>
<status status="PASS" starttime="20210511 20:16:36.214" endtime="20210511 20:16:36.214"></status>
</kw>
<status status="PASS" starttime="20210511 20:16:36.214" endtime="20210511 20:16:36.214"></status>
</kw>
<status status="FAIL" starttime="20210511 20:16:36.212" endtime="20210511 20:16:36.214">Several failures occurred:

1) Resolving variable '${dict.robot_log_path}' failed: Variable '${dict}' not found.

2) Variable '${yamlData}' not found.</status>
</kw>
<doc>Sending SmS while in VT call</doc>
<tags>
<tag>TC_Airtel_Stability_023</tag>
</tags>
<timeout value="12 hours"></timeout>
<status status="FAIL" starttime="20210511 20:16:36.210" endtime="20210511 20:16:36.214" critical="yes">Setup failed:
Resolving argument default values failed: Resolving variable '${dict.project}' failed: Variable '${dict}' not found.

Also teardown failed:
Several failures occurred:

1) Resolving variable '${dict.robot_log_path}' failed: Variable '${dict}' not found.

2) Variable '${yamlData}' not found.</status>
</test>
<test id="s1-s1-t24" name="TC_Airtel_Stability_024">
<kw name="Run Keywords" library="BuiltIn" type="setup">
<doc>Executes all the given keywords in a sequence.</doc>
<arguments>
<arg>Setup Log</arg>
<arg>AND</arg>
<arg>Start Device Log</arg>
<arg>${yamlData}</arg>
<arg>${log_type}</arg>
</arguments>
<kw name="Setup Log" library="res_common">
<msg timestamp="20210511 20:16:36.216" level="FAIL">Resolving argument default values failed: Resolving variable '${dict.project}' failed: Variable '${dict}' not found.</msg>
<status status="FAIL" starttime="20210511 20:16:36.216" endtime="20210511 20:16:36.216"></status>
</kw>
<status status="FAIL" starttime="20210511 20:16:36.215" endtime="20210511 20:16:36.216"></status>
</kw>
<kw name="Run Keywords" library="BuiltIn" type="teardown">
<doc>Executes all the given keywords in a sequence.</doc>
<arguments>
<arg>Set Iteration Path</arg>
<arg>${dict.robot_log_path}</arg>
<arg>AND</arg>
<arg>Stop Device Log</arg>
<arg>${yamlData}</arg>
<arg>${log_type}</arg>
<arg>AND</arg>
<arg>Remove Log Handler</arg>
</arguments>
<kw name="Set Iteration Path" library="res_common">
<arguments>
<arg>${dict.robot_log_path}</arg>
</arguments>
<msg timestamp="20210511 20:16:36.217" level="FAIL">Resolving variable '${dict.robot_log_path}' failed: Variable '${dict}' not found.</msg>
<status status="FAIL" starttime="20210511 20:16:36.217" endtime="20210511 20:16:36.217"></status>
</kw>
<kw name="Stop device Log" library="res_common">
<arguments>
<arg>${yamlData}</arg>
<arg>${log_type}</arg>
</arguments>
<msg timestamp="20210511 20:16:36.218" level="FAIL">Variable '${yamlData}' not found.</msg>
<status status="FAIL" starttime="20210511 20:16:36.218" endtime="20210511 20:16:36.218"></status>
</kw>
<kw name="Remove Log Handler" library="res_common">
<kw name="Remove Script Log Handler" library="common_log">
<doc>Removes all the logging handlers
:return: None</doc>
<msg timestamp="20210511 20:16:36.219" level="INFO">[&lt;RobotHandler (NOTSET)&gt;]</msg>
<status status="PASS" starttime="20210511 20:16:36.219" endtime="20210511 20:16:36.219"></status>
</kw>
<status status="PASS" starttime="20210511 20:16:36.218" endtime="20210511 20:16:36.219"></status>
</kw>
<status status="FAIL" starttime="20210511 20:16:36.217" endtime="20210511 20:16:36.219">Several failures occurred:

1) Resolving variable '${dict.robot_log_path}' failed: Variable '${dict}' not found.

2) Variable '${yamlData}' not found.</status>
</kw>
<doc>Sending SmS while in VT call</doc>
<tags>
<tag>TC_Airtel_Stability_024</tag>
</tags>
<timeout value="12 hours"></timeout>
<status status="FAIL" starttime="20210511 20:16:36.215" endtime="20210511 20:16:36.219" critical="yes">Setup failed:
Resolving argument default values failed: Resolving variable '${dict.project}' failed: Variable '${dict}' not found.

Also teardown failed:
Several failures occurred:

1) Resolving variable '${dict.robot_log_path}' failed: Variable '${dict}' not found.

2) Variable '${yamlData}' not found.</status>
</test>
<test id="s1-s1-t25" name="TC_Airtel_Stability_025">
<kw name="Run Keywords" library="BuiltIn" type="setup">
<doc>Executes all the given keywords in a sequence.</doc>
<arguments>
<arg>Setup Log</arg>
<arg>AND</arg>
<arg>Start Device Log</arg>
<arg>${yamlData}</arg>
<arg>${log_type}</arg>
</arguments>
<kw name="Setup Log" library="res_common">
<msg timestamp="20210511 20:16:36.221" level="FAIL">Resolving argument default values failed: Resolving variable '${dict.project}' failed: Variable '${dict}' not found.</msg>
<status status="FAIL" starttime="20210511 20:16:36.220" endtime="20210511 20:16:36.221"></status>
</kw>
<status status="FAIL" starttime="20210511 20:16:36.220" endtime="20210511 20:16:36.221"></status>
</kw>
<kw name="Run Keywords" library="BuiltIn" type="teardown">
<doc>Executes all the given keywords in a sequence.</doc>
<arguments>
<arg>Set Iteration Path</arg>
<arg>${dict.robot_log_path}</arg>
<arg>AND</arg>
<arg>Stop Device Log</arg>
<arg>${yamlData}</arg>
<arg>${log_type}</arg>
<arg>AND</arg>
<arg>Remove Log Handler</arg>
</arguments>
<kw name="Set Iteration Path" library="res_common">
<arguments>
<arg>${dict.robot_log_path}</arg>
</arguments>
<msg timestamp="20210511 20:16:36.222" level="FAIL">Resolving variable '${dict.robot_log_path}' failed: Variable '${dict}' not found.</msg>
<status status="FAIL" starttime="20210511 20:16:36.221" endtime="20210511 20:16:36.222"></status>
</kw>
<kw name="Stop device Log" library="res_common">
<arguments>
<arg>${yamlData}</arg>
<arg>${log_type}</arg>
</arguments>
<msg timestamp="20210511 20:16:36.223" level="FAIL">Variable '${yamlData}' not found.</msg>
<status status="FAIL" starttime="20210511 20:16:36.222" endtime="20210511 20:16:36.223"></status>
</kw>
<kw name="Remove Log Handler" library="res_common">
<kw name="Remove Script Log Handler" library="common_log">
<doc>Removes all the logging handlers
:return: None</doc>
<msg timestamp="20210511 20:16:36.223" level="INFO">[&lt;RobotHandler (NOTSET)&gt;]</msg>
<status status="PASS" starttime="20210511 20:16:36.223" endtime="20210511 20:16:36.223"></status>
</kw>
<status status="PASS" starttime="20210511 20:16:36.223" endtime="20210511 20:16:36.223"></status>
</kw>
<status status="FAIL" starttime="20210511 20:16:36.221" endtime="20210511 20:16:36.224">Several failures occurred:

1) Resolving variable '${dict.robot_log_path}' failed: Variable '${dict}' not found.

2) Variable '${yamlData}' not found.</status>
</kw>
<doc>Performing volte Long Conf call</doc>
<tags>
<tag>TC_Airtel_Stability_025</tag>
</tags>
<timeout value="12 hours"></timeout>
<status status="FAIL" starttime="20210511 20:16:36.219" endtime="20210511 20:16:36.224" critical="yes">Setup failed:
Resolving argument default values failed: Resolving variable '${dict.project}' failed: Variable '${dict}' not found.

Also teardown failed:
Several failures occurred:

1) Resolving variable '${dict.robot_log_path}' failed: Variable '${dict}' not found.

2) Variable '${yamlData}' not found.</status>
</test>
<test id="s1-s1-t26" name="TC_Airtel_Stability_026">
<kw name="Run Keywords" library="BuiltIn" type="setup">
<doc>Executes all the given keywords in a sequence.</doc>
<arguments>
<arg>Setup Log</arg>
<arg>AND</arg>
<arg>Start Device Log</arg>
<arg>${yamlData}</arg>
<arg>${log_type}</arg>
</arguments>
<kw name="Setup Log" library="res_common">
<msg timestamp="20210511 20:16:36.225" level="FAIL">Resolving argument default values failed: Resolving variable '${dict.project}' failed: Variable '${dict}' not found.</msg>
<status status="FAIL" starttime="20210511 20:16:36.225" endtime="20210511 20:16:36.225"></status>
</kw>
<status status="FAIL" starttime="20210511 20:16:36.224" endtime="20210511 20:16:36.225"></status>
</kw>
<kw name="Run Keywords" library="BuiltIn" type="teardown">
<doc>Executes all the given keywords in a sequence.</doc>
<arguments>
<arg>Set Iteration Path</arg>
<arg>${dict.robot_log_path}</arg>
<arg>AND</arg>
<arg>Stop Device Log</arg>
<arg>${yamlData}</arg>
<arg>${log_type}</arg>
<arg>AND</arg>
<arg>Remove Log Handler</arg>
</arguments>
<kw name="Set Iteration Path" library="res_common">
<arguments>
<arg>${dict.robot_log_path}</arg>
</arguments>
<msg timestamp="20210511 20:16:36.226" level="FAIL">Resolving variable '${dict.robot_log_path}' failed: Variable '${dict}' not found.</msg>
<status status="FAIL" starttime="20210511 20:16:36.226" endtime="20210511 20:16:36.226"></status>
</kw>
<kw name="Stop device Log" library="res_common">
<arguments>
<arg>${yamlData}</arg>
<arg>${log_type}</arg>
</arguments>
<msg timestamp="20210511 20:16:36.227" level="FAIL">Variable '${yamlData}' not found.</msg>
<status status="FAIL" starttime="20210511 20:16:36.226" endtime="20210511 20:16:36.227"></status>
</kw>
<kw name="Remove Log Handler" library="res_common">
<kw name="Remove Script Log Handler" library="common_log">
<doc>Removes all the logging handlers
:return: None</doc>
<msg timestamp="20210511 20:16:36.228" level="INFO">[&lt;RobotHandler (NOTSET)&gt;]</msg>
<status status="PASS" starttime="20210511 20:16:36.227" endtime="20210511 20:16:36.228"></status>
</kw>
<status status="PASS" starttime="20210511 20:16:36.227" endtime="20210511 20:16:36.228"></status>
</kw>
<status status="FAIL" starttime="20210511 20:16:36.226" endtime="20210511 20:16:36.228">Several failures occurred:

1) Resolving variable '${dict.robot_log_path}' failed: Variable '${dict}' not found.

2) Variable '${yamlData}' not found.</status>
</kw>
<doc>Performing vt long conf call</doc>
<tags>
<tag>TC_Airtel_Stability_026</tag>
</tags>
<timeout value="12 hours"></timeout>
<status status="FAIL" starttime="20210511 20:16:36.224" endtime="20210511 20:16:36.228" critical="yes">Setup failed:
Resolving argument default values failed: Resolving variable '${dict.project}' failed: Variable '${dict}' not found.

Also teardown failed:
Several failures occurred:

1) Resolving variable '${dict.robot_log_path}' failed: Variable '${dict}' not found.

2) Variable '${yamlData}' not found.</status>
</test>
<test id="s1-s1-t27" name="TC_Airtel_Stability_027">
<kw name="Run Keywords" library="BuiltIn" type="setup">
<doc>Executes all the given keywords in a sequence.</doc>
<arguments>
<arg>Setup Log</arg>
<arg>AND</arg>
<arg>Start Device Log</arg>
<arg>${yamlData}</arg>
<arg>${log_type}</arg>
</arguments>
<kw name="Setup Log" library="res_common">
<msg timestamp="20210511 20:16:36.230" level="FAIL">Resolving argument default values failed: Resolving variable '${dict.project}' failed: Variable '${dict}' not found.</msg>
<status status="FAIL" starttime="20210511 20:16:36.229" endtime="20210511 20:16:36.230"></status>
</kw>
<status status="FAIL" starttime="20210511 20:16:36.229" endtime="20210511 20:16:36.230"></status>
</kw>
<kw name="Run Keywords" library="BuiltIn" type="teardown">
<doc>Executes all the given keywords in a sequence.</doc>
<arguments>
<arg>Set Iteration Path</arg>
<arg>${dict.robot_log_path}</arg>
<arg>AND</arg>
<arg>Stop Device Log</arg>
<arg>${yamlData}</arg>
<arg>${log_type}</arg>
<arg>AND</arg>
<arg>Remove Log Handler</arg>
</arguments>
<kw name="Set Iteration Path" library="res_common">
<arguments>
[...]
<kw name="Set Iteration Path" library="res_common">
<arguments>
<arg>${dict.robot_log_path}</arg>
</arguments>
<msg timestamp="20210511 20:16:36.553" level="FAIL">Resolving variable '${dict.robot_log_path}' failed: Variable '${dict}' not found.</msg>
<status status="FAIL" starttime="20210511 20:16:36.553" endtime="20210511 20:16:36.553"></status>
</kw>
<kw name="Remove Log Handler" library="res_common">
<kw name="Remove Script Log Handler" library="common_log">
<doc>Removes all the logging handlers
:return: None</doc>
<msg timestamp="20210511 20:16:36.554" level="INFO">[&lt;RobotHandler (NOTSET)&gt;]</msg>
<status status="PASS" starttime="20210511 20:16:36.554" endtime="20210511 20:16:36.554"></status>
</kw>
<status status="PASS" starttime="20210511 20:16:36.554" endtime="20210511 20:16:36.554"></status>
</kw>
<status status="FAIL" starttime="20210511 20:16:36.553" endtime="20210511 20:16:36.554">Resolving variable '${dict.robot_log_path}' failed: Variable '${dict}' not found.</status>
</kw>
<doc>Playing 4 Videos from Internal storage</doc>
<tags>
<tag>TC_Live_Stability_052</tag>
</tags>
<timeout value="1 hour 5 minutes"></timeout>
<status status="FAIL" starttime="20210511 20:16:36.551" endtime="20210511 20:16:36.554" critical="yes">Setup failed:
Resolving argument default values failed: Resolving variable '${dict.project}' failed: Variable '${dict}' not found.

Also teardown failed:
Resolving variable '${dict.robot_log_path}' failed: Variable '${dict}' not found.</status>
</test>
<test id="s1-s2-t50" name="TC_Live_Stability_053">
<kw name="Run Keywords" library="BuiltIn" type="setup">
<doc>Executes all the given keywords in a sequence.</doc>
<arguments>
<arg>Setup Log</arg>
</arguments>
<kw name="Setup Log" library="res_common">
<msg timestamp="20210511 20:16:36.556" level="FAIL">Resolving argument default values failed: Resolving variable '${dict.project}' failed: Variable '${dict}' not found.</msg>
<status status="FAIL" starttime="20210511 20:16:36.555" endtime="20210511 20:16:36.556"></status>
</kw>
<status status="FAIL" starttime="20210511 20:16:36.555" endtime="20210511 20:16:36.556"></status>
</kw>
<kw name="Run Keywords" library="BuiltIn" type="teardown">
<doc>Executes all the given keywords in a sequence.</doc>
<arguments>
<arg>Set Iteration Path</arg>
<arg>${dict.robot_log_path}</arg>
<arg>AND</arg>
<arg>Remove Log Handler</arg>
</arguments>
<kw name="Set Iteration Path" library="res_common">
<arguments>
<arg>${dict.robot_log_path}</arg>
</arguments>
<msg timestamp="20210511 20:16:36.557" level="FAIL">Resolving variable '${dict.robot_log_path}' failed: Variable '${dict}' not found.</msg>
<status status="FAIL" starttime="20210511 20:16:36.557" endtime="20210511 20:16:36.557"></status>
</kw>
<kw name="Remove Log Handler" library="res_common">
<kw name="Remove Script Log Handler" library="common_log">
<doc>Removes all the logging handlers
:return: None</doc>
<msg timestamp="20210511 20:16:36.558" level="INFO">[&lt;RobotHandler (NOTSET)&gt;]</msg>
<status status="PASS" starttime="20210511 20:16:36.558" endtime="20210511 20:16:36.558"></status>
</kw>
<status status="PASS" starttime="20210511 20:16:36.557" endtime="20210511 20:16:36.558"></status>
</kw>
<status status="FAIL" starttime="20210511 20:16:36.556" endtime="20210511 20:16:36.558">Resolving variable '${dict.robot_log_path}' failed: Variable '${dict}' not found.</status>
</kw>
<doc>Playing 4 Audios from Internal storage</doc>
<tags>
<tag>TC_Live_Stability_053</tag>
</tags>
<timeout value="1 hour 5 minutes"></timeout>
<status status="FAIL" starttime="20210511 20:16:36.555" endtime="20210511 20:16:36.558" critical="yes">Setup failed:
Resolving argument default values failed: Resolving variable '${dict.project}' failed: Variable '${dict}' not found.

Also teardown failed:
Resolving variable '${dict.robot_log_path}' failed: Variable '${dict}' not found.</status>
</test>
<test id="s1-s2-t51" name="TC_Live_Stability_054">
<kw name="Run Keywords" library="BuiltIn" type="setup">
<doc>Executes all the given keywords in a sequence.</doc>
<arguments>
<arg>Setup Log</arg>
</arguments>
<kw name="Setup Log" library="res_common">
<msg timestamp="20210511 20:16:36.560" level="FAIL">Resolving argument default values failed: Resolving variable '${dict.project}' failed: Variable '${dict}' not found.</msg>
<status status="FAIL" starttime="20210511 20:16:36.559" endtime="20210511 20:16:36.560"></status>
</kw>
<status status="FAIL" starttime="20210511 20:16:36.559" endtime="20210511 20:16:36.560"></status>
</kw>
<kw name="Run Keywords" library="BuiltIn" type="teardown">
<doc>Executes all the given keywords in a sequence.</doc>
<arguments>
<arg>Set Iteration Path</arg>
<arg>${dict.robot_log_path}</arg>
<arg>AND</arg>
<arg>Remove Log Handler</arg>
</arguments>
<kw name="Set Iteration Path" library="res_common">
<arguments>
<arg>${dict.robot_log_path}</arg>
</arguments>
<msg timestamp="20210511 20:16:36.561" level="FAIL">Resolving variable '${dict.robot_log_path}' failed: Variable '${dict}' not found.</msg>
<status status="FAIL" starttime="20210511 20:16:36.560" endtime="20210511 20:16:36.561"></status>
</kw>
<kw name="Remove Log Handler" library="res_common">
<kw name="Remove Script Log Handler" library="common_log">
<doc>Removes all the logging handlers
:return: None</doc>
<msg timestamp="20210511 20:16:36.562" level="INFO">[&lt;RobotHandler (NOTSET)&gt;]</msg>
<status status="PASS" starttime="20210511 20:16:36.561" endtime="20210511 20:16:36.562"></status>
</kw>
<status status="PASS" starttime="20210511 20:16:36.561" endtime="20210511 20:16:36.562"></status>
</kw>
<status status="FAIL" starttime="20210511 20:16:36.560" endtime="20210511 20:16:36.562">Resolving variable '${dict.robot_log_path}' failed: Variable '${dict}' not found.</status>
</kw>
<doc>Make Wifi On and OFF</doc>
<tags>
<tag>TC_Live_Stability_054</tag>
</tags>
<timeout value="1 hour 5 minutes"></timeout>
<status status="FAIL" starttime="20210511 20:16:36.558" endtime="20210511 20:16:36.562" critical="yes">Setup failed:
Resolving argument default values failed: Resolving variable '${dict.project}' failed: Variable '${dict}' not found.

Also teardown failed:
Resolving variable '${dict.robot_log_path}' failed: Variable '${dict}' not found.</status>
</test>
<test id="s1-s2-t52" name="TC_Live_Stability_055">
<kw name="Run Keywords" library="BuiltIn" type="setup">
<doc>Executes all the given keywords in a sequence.</doc>
<arguments>
<arg>Setup Log</arg>
</arguments>
<kw name="Setup Log" library="res_common">
<msg timestamp="20210511 20:16:36.564" level="FAIL">Resolving argument default values failed: Resolving variable '${dict.project}' failed: Variable '${dict}' not found.</msg>
<status status="FAIL" starttime="20210511 20:16:36.563" endtime="20210511 20:16:36.564"></status>
</kw>
<status status="FAIL" starttime="20210511 20:16:36.563" endtime="20210511 20:16:36.564"></status>
</kw>
<kw name="Run Keywords" library="BuiltIn" type="teardown">
<doc>Executes all the given keywords in a sequence.</doc>
<arguments>
<arg>Set Iteration Path</arg>
<arg>${dict.robot_log_path}</arg>
<arg>AND</arg>
<arg>Remove Log Handler</arg>
</arguments>
<kw name="Set Iteration Path" library="res_common">
<arguments>
<arg>${dict.robot_log_path}</arg>
</arguments>
<msg timestamp="20210511 20:16:36.565" level="FAIL">Resolving variable '${dict.robot_log_path}' failed: Variable '${dict}' not found.</msg>
<status status="FAIL" starttime="20210511 20:16:36.564" endtime="20210511 20:16:36.565"></status>
</kw>
<kw name="Remove Log Handler" library="res_common">
<kw name="Remove Script Log Handler" library="common_log">
<doc>Removes all the logging handlers
:return: None</doc>
<msg timestamp="20210511 20:16:36.565" level="INFO">[&lt;RobotHandler (NOTSET)&gt;]</msg>
<status status="PASS" starttime="20210511 20:16:36.565" endtime="20210511 20:16:36.566"></status>
</kw>
<status status="PASS" starttime="20210511 20:16:36.565" endtime="20210511 20:16:36.566"></status>
</kw>
<status status="FAIL" starttime="20210511 20:16:36.564" endtime="20210511 20:16:36.566">Resolving variable '${dict.robot_log_path}' failed: Variable '${dict}' not found.</status>
</kw>
<doc>Play Games for 1 Hr, during play receive 10 VoLTE call. Upgrade calls to VT after 5 mins. Check device heating</doc>
<tags>
<tag>TC_Live_Stability_055</tag>
</tags>
<timeout value="1 hour 5 minutes"></timeout>
<status status="FAIL" starttime="20210511 20:16:36.562" endtime="20210511 20:16:36.566" critical="yes">Setup failed:
Resolving argument default values failed: Resolving variable '${dict.project}' failed: Variable '${dict}' not found.

Also teardown failed:
Resolving variable '${dict.robot_log_path}' failed: Variable '${dict}' not found.</status>
</test>
<test id="s1-s2-t53" name="TC_Live_Stability_056">
<kw name="Run Keywords" library="BuiltIn" type="setup">
<doc>Executes all the given keywords in a sequence.</doc>
<arguments>
<arg>Setup Log</arg>
</arguments>
<kw name="Setup Log" library="res_common">
<msg timestamp="20210511 20:16:36.567" level="FAIL">Resolving argument default values failed: Resolving variable '${dict.project}' failed: Variable '${dict}' not found.</msg>
<status status="FAIL" starttime="20210511 20:16:36.567" endtime="20210511 20:16:36.567"></status>
</kw>
<status status="FAIL" starttime="20210511 20:16:36.567" endtime="20210511 20:16:36.567"></status>
</kw>
<kw name="Run Keywords" library="BuiltIn" type="teardown">
<doc>Executes all the given keywords in a sequence.</doc>
<arguments>
<arg>Set Iteration Path</arg>
<arg>${dict.robot_log_path}</arg>
<arg>AND</arg>
<arg>Remove Log Handler</arg>
</arguments>
<kw name="Set Iteration Path" library="res_common">
<arguments>
<arg>${dict.robot_log_path}</arg>
</arguments>
<msg timestamp="20210511 20:16:36.568" level="FAIL">Resolving variable '${dict.robot_log_path}' failed: Variable '${dict}' not found.</msg>
<status status="FAIL" starttime="20210511 20:16:36.568" endtime="20210511 20:16:36.569"></status>
</kw>
<kw name="Remove Log Handler" library="res_common">
<kw name="Remove Script Log Handler" library="common_log">
<doc>Removes all the logging handlers
:return: None</doc>
<msg timestamp="20210511 20:16:36.569" level="INFO">[&lt;RobotHandler (NOTSET)&gt;]</msg>
<status status="PASS" starttime="20210511 20:16:36.569" endtime="20210511 20:16:36.569"></status>
</kw>
<status status="PASS" starttime="20210511 20:16:36.569" endtime="20210511 20:16:36.569"></status>
</kw>
<status status="FAIL" starttime="20210511 20:16:36.568" endtime="20210511 20:16:36.569">Resolving variable '${dict.robot_log_path}' failed: Variable '${dict}' not found.</status>
</kw>
<doc>During a long VoLTE call(min 1 Hr) send 100 SMS during a a call. Check device heating</doc>
<tags>
<tag>TC_Live_Stability_056</tag>
</tags>
<timeout value="1 hour 5 minutes"></timeout>
<status status="FAIL" starttime="20210511 20:16:36.566" endtime="20210511 20:16:36.570" critical="yes">Setup failed:
Resolving argument default values failed: Resolving variable '${dict.project}' failed: Variable '${dict}' not found.

Also teardown failed:
Resolving variable '${dict.robot_log_path}' failed: Variable '${dict}' not found.</status>
</test>
<test id="s1-s2-t54" name="TC_Live_Stability_057">
<kw name="Run Keywords" library="BuiltIn" type="setup">
<doc>Executes all the given keywords in a sequence.</doc>
<arguments>
<arg>Setup Log</arg>
</arguments>
<kw name="Setup Log" library="res_common">
<msg timestamp="20210511 20:16:36.572" level="FAIL">Resolving argument default values failed: Resolving variable '${dict.project}' failed: Variable '${dict}' not found.</msg>
<status status="FAIL" starttime="20210511 20:16:36.571" endtime="20210511 20:16:36.572"></status>
</kw>
<status status="FAIL" starttime="20210511 20:16:36.571" endtime="20210511 20:16:36.572"></status>
</kw>
<kw name="Run Keywords" library="BuiltIn" type="teardown">
<doc>Executes all the given keywords in a sequence.</doc>
<arguments>
<arg>Set Iteration Path</arg>
<arg>${dict.robot_log_path}</arg>
<arg>AND</arg>
<arg>Remove Log Handler</arg>
</arguments>
<kw name="Set Iteration Path" library="res_common">
<arguments>
<arg>${dict.robot_log_path}</arg>
</arguments>
<msg timestamp="20210511 20:16:36.573" level="FAIL">Resolving variable '${dict.robot_log_path}' failed: Variable '${dict}' not found.</msg>
<status status="FAIL" starttime="20210511 20:16:36.572" endtime="20210511 20:16:36.573"></status>
</kw>
<kw name="Remove Log Handler" library="res_common">
<kw name="Remove Script Log Handler" library="common_log">
<doc>Removes all the logging handlers
:return: None</doc>
<msg timestamp="20210511 20:16:36.573" level="INFO">[&lt;RobotHandler (NOTSET)&gt;]</msg>
<status status="PASS" starttime="20210511 20:16:36.573" endtime="20210511 20:16:36.573"></status>
</kw>
<status status="PASS" starttime="20210511 20:16:36.573" endtime="20210511 20:16:36.574"></status>
</kw>
<status status="FAIL" starttime="20210511 20:16:36.572" endtime="20210511 20:16:36.574">Resolving variable '${dict.robot_log_path}' failed: Variable '${dict}' not found.</status>
</kw>
<doc>Start Volte call for minimum 30 minutes. Browse youtube(HD)/mobi TV/embms for 1 hr. VT Call for 30 mins. Device should not heat</doc>
<tags>
<tag>TC_Live_Stability_057</tag>
</tags>
<timeout value="1 hour 5 minutes"></timeout>
<status status="FAIL" starttime="20210511 20:16:36.570" endtime="20210511 20:16:36.574" critical="yes">Setup failed:
Resolving argument default values failed: Resolving variable '${dict.project}' failed: Variable '${dict}' not found.

Also teardown failed:
Resolving variable '${dict.robot_log_path}' failed: Variable '${dict}' not found.</status>
</test>
<status status="FAIL" starttime="20210511 20:16:36.295" endtime="20210511 20:16:36.575"></status>
</suite>
<status status="FAIL" starttime="20210511 20:16:35.998" endtime="20210511 20:16:36.578"></status>
</suite>
<statistics>
<total>
<stat pass="0" fail="93">Critical Tests</stat>
<stat pass="0" fail="93">All Tests</stat>
</total>
<tag>
<stat pass="0" fail="1">TC_Airtel_Stability_001</stat>
<stat pass="0" fail="1">TC_Airtel_Stability_002</stat>
<stat pass="0" fail="1">TC_Airtel_Stability_003</stat>
<stat pass="0" fail="1">TC_Airtel_Stability_004</stat>
<stat pass="0" fail="1">TC_Airtel_Stability_005</stat>
<stat pass="0" fail="1">TC_Airtel_Stability_006</stat>
<stat pass="0" fail="1">TC_Airtel_Stability_007</stat>
<stat pass="0" fail="1">TC_Airtel_Stability_008</stat>
<stat pass="0" fail="1">TC_Airtel_Stability_009</stat>
<stat pass="0" fail="1">TC_Airtel_Stability_010</stat>
<stat pass="0" fail="1">TC_Airtel_Stability_011</stat>
<stat pass="0" fail="1">TC_Airtel_Stability_012</stat>
<stat pass="0" fail="1">TC_Airtel_Stability_013</stat>
<stat pass="0" fail="1">TC_Airtel_Stability_014</stat>
<stat pass="0" fail="1">TC_Airtel_Stability_015</stat>
<stat pass="0" fail="1">TC_Airtel_Stability_016</stat>
<stat pass="0" fail="1">TC_Airtel_Stability_017</stat>
<stat pass="0" fail="1">TC_Airtel_Stability_018</stat>
<stat pass="0" fail="1">TC_Airtel_Stability_019</stat>
<stat pass="0" fail="1">TC_Airtel_Stability_020</stat>
<stat pass="0" fail="1">TC_Airtel_Stability_021</stat>
<stat pass="0" fail="1">TC_Airtel_Stability_022</stat>
<stat pass="0" fail="1">TC_Airtel_Stability_023</stat>
<stat pass="0" fail="1">TC_Airtel_Stability_024</stat>
<stat pass="0" fail="1">TC_Airtel_Stability_025</stat>
<stat pass="0" fail="1">TC_Airtel_Stability_026</stat>
<stat pass="0" fail="1">TC_Airtel_Stability_027</stat>
<stat pass="0" fail="1">TC_Airtel_Stability_028</stat>
<stat pass="0" fail="1">TC_Airtel_Stability_029</stat>
<stat pass="0" fail="1">TC_Airtel_Stability_030</stat>
<stat pass="0" fail="1">TC_Airtel_Stability_031</stat>
<stat pass="0" fail="1">TC_Airtel_Stability_032</stat>
<stat pass="0" fail="1">TC_Airtel_Stability_033</stat>
<stat pass="0" fail="1">TC_Airtel_Stability_034</stat>
<stat pass="0" fail="1">TC_Airtel_Stability_035</stat>
<stat pass="0" fail="1">TC_Airtel_Stability_036</stat>
<stat pass="0" fail="1">TC_Airtel_Stability_037</stat>
<stat pass="0" fail="1">TC_Airtel_Stability_038</stat>
<stat pass="0" fail="1">TC_Airtel_Stability_040</stat>
<stat pass="0" fail="1">TC_Live_Stability_001</stat>
<stat pass="0" fail="1">TC_Live_Stability_002</stat>
<stat pass="0" fail="1">TC_Live_Stability_003</stat>
<stat pass="0" fail="1">TC_Live_Stability_004</stat>
<stat pass="0" fail="1">TC_Live_Stability_005</stat>
<stat pass="0" fail="1">TC_Live_Stability_006</stat>
<stat pass="0" fail="1">TC_Live_Stability_007</stat>
<stat pass="0" fail="1">TC_Live_Stability_008</stat>
<stat pass="0" fail="1">TC_Live_Stability_009</stat>
<stat pass="0" fail="1">TC_Live_Stability_010</stat>
<stat pass="0" fail="1">TC_Live_Stability_011</stat>
<stat pass="0" fail="1">TC_Live_Stability_012</stat>
<stat pass="0" fail="1">TC_Live_Stability_013</stat>
<stat pass="0" fail="1">TC_Live_Stability_014</stat>
<stat pass="0" fail="1">TC_Live_Stability_015</stat>
<stat pass="0" fail="1">TC_Live_Stability_016</stat>
<stat pass="0" fail="1">TC_Live_Stability_017</stat>
<stat pass="0" fail="1">TC_Live_Stability_018</stat>
<stat pass="0" fail="1">TC_Live_Stability_019</stat>
<stat pass="0" fail="1">TC_Live_Stability_020</stat>
<stat pass="0" fail="1">TC_Live_Stability_021</stat>
<stat pass="0" fail="1">TC_Live_Stability_022</stat>
<stat pass="0" fail="1">TC_Live_Stability_023</stat>
<stat pass="0" fail="1">TC_Live_Stability_024</stat>
<stat pass="0" fail="1">TC_Live_Stability_025</stat>
<stat pass="0" fail="1">TC_Live_Stability_026</stat>
<stat pass="0" fail="1">TC_Live_Stability_027</stat>
<stat pass="0" fail="1">TC_Live_Stability_028</stat>
<stat pass="0" fail="1">TC_Live_Stability_029</stat>
<stat pass="0" fail="1">TC_Live_Stability_030</stat>
<stat pass="0" fail="1">TC_Live_Stability_031</stat>
<stat pass="0" fail="1">TC_Live_Stability_032</stat>
<stat pass="0" fail="1">TC_Live_Stability_033</stat>
<stat pass="0" fail="1">TC_Live_Stability_034</stat>
<stat pass="0" fail="1">TC_Live_Stability_035</stat>
<stat pass="0" fail="1">TC_Live_Stability_036</stat>
<stat pass="0" fail="1">TC_Live_Stability_037</stat>
<stat pass="0" fail="1">TC_Live_Stability_038</stat>
<stat pass="0" fail="1">TC_Live_Stability_039</stat>
<stat pass="0" fail="1">TC_Live_Stability_041</stat>
<stat pass="0" fail="1">TC_Live_Stability_042</stat>
<stat pass="0" fail="1">TC_Live_Stability_043</stat>
<stat pass="0" fail="1">TC_Live_Stability_046</stat>
<stat pass="0" fail="1">TC_Live_Stability_047</stat>
<stat pass="0" fail="1">TC_Live_Stability_048</stat>
<stat pass="0" fail="1">TC_Live_Stability_049</stat>
<stat pass="0" fail="1">TC_Live_Stability_050</stat>
<stat pass="0" fail="1">TC_Live_Stability_051</stat>
<stat pass="0" fail="1">TC_Live_Stability_052</stat>
<stat pass="0" fail="1">TC_Live_Stability_053</stat>
<stat pass="0" fail="1">TC_Live_Stability_054</stat>
<stat pass="0" fail="1">TC_Live_Stability_055</stat>
<stat pass="0" fail="1">TC_Live_Stability_056</stat>
<stat pass="0" fail="1">TC_Live_Stability_057</stat>
</tag>
<suite>
<stat pass="0" fail="93" id="s1" name="Robot Scripts">Robot Scripts</stat>
<stat pass="0" fail="39" id="s1-s1" name="Airtel Stability">Robot Scripts.Airtel Stability</stat>
<stat pass="0" fail="54" id="s1-s2" name="Live Stability">Robot Scripts.Live Stability</stat>
</suite>
</statistics>
<errors>
<msg timestamp="20210511 20:16:36.099" level="ERROR">Error in file '/home/arpita/Music/gats/SDLC/Coding/Standalone_Framework/Cellular/gats/automation/scripts/robot_scripts/Airtel_Stability.robot': Replacing variables from setting 'Variables' failed: Resolving variable '${dict.yaml}' failed: Variable '${dict}' not found.</msg>
<msg timestamp="20210511 20:16:36.329" level="ERROR">Error in file '/home/arpita/Music/gats/SDLC/Coding/Standalone_Framework/Cellular/gats/automation/scripts/robot_scripts/Live_Stability.robot': Replacing variables from setting 'Variables' failed: Resolving variable '${dict.yaml}' failed: Variable '${dict}' not found.</msg>
</errors>
</robot>
